#
# There is insufficient memory for the Java Runtime Environment to continue.
# Native memory allocation (malloc) failed to allocate 88080384 bytes for committing reserved memory.
# Possible reasons:
#   The system is out of physical RAM or swap space
#   In 32 bit mode, the process size limit was hit
# Possible solutions:
#   Reduce memory load on the system
#   Increase physical memory or swap space
#   Check if swap backing store is full
#   Use 64 bit Java on a 64 bit OS
#   Decrease Java heap size (-Xmx/-Xms)
#   Decrease number of Java threads
#   Decrease Java thread stack sizes (-Xss)
#   Set larger code cache with -XX:ReservedCodeCacheSize=
# This output file may be truncated or incomplete.
#
#  Out of Memory Error (os_linux.cpp:2756), pid=10041, tid=1814035264
#
# JRE version: Java(TM) SE Runtime Environment (7.0_80-b15) (build 1.7.0_80-b15)
# Java VM: Java HotSpot(TM) Server VM (24.80-b11 mixed mode linux-x86 )
# Failed to write core dump. Core dumps have been disabled. To enable core dumping, try "ulimit -c unlimited" before starting Java again
#

---------------  T H R E A D  ---------------

Current thread (0x6c080800):  VMThread [stack: 0x6c17f000,0x6c200000] [id=10053]

Stack: [0x6c17f000,0x6c200000],  sp=0x6c1fe830,  free space=510k
Native frames: (J=compiled Java code, j=interpreted, Vv=VM code, C=native code)
V  [libjvm.so+0x7ea656]  VMError::report_and_die()+0x1a6
V  [libjvm.so+0x33eb82]  report_vm_out_of_memory(char const*, int, unsigned int, char const*)+0x72
V  [libjvm.so+0x687fb1]  os::Linux::commit_memory_impl(char*, unsigned int, bool)+0xe1
V  [libjvm.so+0x688478]  os::pd_commit_memory(char*, unsigned int, unsigned int, bool)+0x28
V  [libjvm.so+0x681b2c]  os::commit_memory(char*, unsigned int, unsigned int, bool)+0x2c
V  [libjvm.so+0x6ea8d8]  PSVirtualSpace::expand_by(unsigned int)+0x48
V  [libjvm.so+0x6eb9da]  PSYoungGen::resize_generation(unsigned int, unsigned int)+0xda
V  [libjvm.so+0x6ead19]  PSYoungGen::resize(unsigned int, unsigned int)+0x19
V  [libjvm.so+0x6e8649]  PSScavenge::invoke_no_policy()+0xcf9
V  [libjvm.so+0x6e8ea8]  PSScavenge::invoke()+0x28
V  [libjvm.so+0x6a851a]  ParallelScavengeHeap::failed_mem_allocate(unsigned int)+0x5a
V  [libjvm.so+0x7ebeea]  VM_ParallelGCFailedAllocation::doit()+0x7a
V  [libjvm.so+0x7f4d07]  VM_Operation::evaluate()+0x47
V  [libjvm.so+0x7f2da3]  VMThread::evaluate_operation(VM_Operation*)+0xb3
V  [libjvm.so+0x7f3140]  VMThread::loop()+0x1b0
V  [libjvm.so+0x7f35a5]  VMThread::run()+0x85
V  [libjvm.so+0x68a249]  java_start(Thread*)+0x119
C  [libpthread.so.0+0x6d4c]  start_thread+0xcc

VM_Operation (0x6b7fe754): ParallelGCFailedAllocation, mode: safepoint, requested by thread 0x6b828400


---------------  P R O C E S S  ---------------

Java Threads: ( => current thread )
  0x6b82a800 JavaThread "pool-1-thread-4" [_thread_blocked, id=10075, stack(0x6b70d000,0x6b75e000)]
  0x6b829400 JavaThread "pool-1-thread-3" [_thread_blocked, id=10074, stack(0x6b75e000,0x6b7af000)]
  0x6b828400 JavaThread "pool-1-thread-2" [_thread_blocked, id=10073, stack(0x6b7af000,0x6b800000)]
  0x6b825c00 JavaThread "pool-2-thread-1" [_thread_blocked, id=10072, stack(0x6b90b000,0x6b95c000)]
  0x6b823800 JavaThread "pool-1-thread-1" [_thread_blocked, id=10071, stack(0x6b95c000,0x6b9ad000)]
  0x6c09ac00 JavaThread "Service Thread" daemon [_thread_blocked, id=10064, stack(0x6ba2e000,0x6ba7f000)]
  0x6c099000 JavaThread "C2 CompilerThread1" daemon [_thread_blocked, id=10063, stack(0x6ba7f000,0x6bb00000)]
  0x6c097000 JavaThread "C2 CompilerThread0" daemon [_thread_blocked, id=10062, stack(0x6be2e000,0x6beaf000)]
  0x6c095400 JavaThread "Signal Dispatcher" daemon [_thread_blocked, id=10061, stack(0x6beaf000,0x6bf00000)]
  0x6c084c00 JavaThread "Finalizer" daemon [_thread_blocked, id=10055, stack(0x6c12e000,0x6c17f000)]
  0x6c083000 JavaThread "Reference Handler" daemon [_thread_blocked, id=10054, stack(0x6eb2e000,0x6eb7f000)]
  0xb6607800 JavaThread "main" [_thread_blocked, id=10043, stack(0xb67b8000,0xb6809000)]

Other Threads:
=>0x6c080800 VMThread [stack: 0x6c17f000,0x6c200000] [id=10053]
  0x6c09c800 WatcherThread [stack: 0x6b9ad000,0x6ba2e000] [id=10065]

VM state:at safepoint (normal execution)

VM Mutex/Monitor currently owned by a thread:  ([mutex/lock_event])
[0xb6605070] Threads_lock - owner thread: 0x6c080800
[0xb6605480] Heap_lock - owner thread: 0x6b828400

Heap
 PSYoungGen      total 141312K, used 20985K [0x9dfc0000, 0xa82c0000, 0xb3540000)
  eden space 120320K, 0% used [0x9dfc0000,0x9dfc0000,0xa5540000)
  from space 20992K, 99% used [0xa5540000,0xa69be638,0xa69c0000)
  to   space 16384K, 0% used [0xa69c0000,0xa69c0000,0xa79c0000)
 ParOldGen       total 41728K, used 38612K [0x73540000, 0x75e00000, 0x9dfc0000)
  object space 41728K, 92% used [0x73540000,0x75af5150,0x75e00000)
 PSPermGen       total 16384K, used 4024K [0x6f540000, 0x70540000, 0x73540000)
  object space 16384K, 24% used [0x6f540000,0x6f92e018,0x70540000)

Card table byte_map: [0x6f31f000,0x6f540000] byte_map_base: 0x6efa4600

Polling page: 0xb772c000

Code Cache  [0xb3600000, 0xb3840000, 0xb6600000)
 total_blobs=551 nmethods=428 adapters=76 free_code_cache=47570Kb largest_free_block=48662016

Compilation events (10 events):
Event: 18.370 Thread 0x6c099000 nmethod 443 0xb371f188 code [0xb371f2a0, 0xb371f490]
Event: 18.370 Thread 0x6c099000  444   !         com.android.dx.ssa.LocalVariableInfo::setStarts (40 bytes)
Event: 18.374 Thread 0x6c099000 nmethod 444 0xb371eec8 code [0xb371efc0, 0xb371f090]
Event: 18.374 Thread 0x6c099000  445             com.android.dx.ssa.SCCP::simulatePhi (169 bytes)
Event: 18.374 Thread 0x6c097000 nmethod 442 0xb371d208 code [0xb371d320, 0xb371d51c]
Event: 18.374 Thread 0x6c097000  446             com.android.dx.ssa.SCCP::simulatePhiBlock (50 bytes)
Event: 18.522 Thread 0x6c097000 nmethod 446 0xb36cb488 code [0xb36cb680, 0xb36cc47c]
Event: 18.522 Thread 0x6c097000  447             com.android.dx.ssa.SsaConverter::edgeSplitPredecessors (44 bytes)
Event: 18.543 Thread 0x6c099000 nmethod 445 0xb36fee08 code [0xb36fefe0, 0xb36ffc1c]
Event: 18.543 Thread 0x6c099000  448             com.android.dx.ssa.SsaConverter::edgeSplitMoveExceptionsAndResults (157 bytes)

GC Heap History (10 events):
Event: 4.742 GC heap after
Heap after GC invocations=4 (full 0):
 PSYoungGen      total 34304K, used 2554K [0x9dfc0000, 0xa03c0000, 0xb3540000)
  eden space 31744K, 0% used [0x9dfc0000,0x9dfc0000,0x9fec0000)
  from space 2560K, 99% used [0xa0140000,0xa03be8a0,0xa03c0000)
  to   space 2560K, 0% used [0x9fec0000,0x9fec0000,0xa0140000)
 ParOldGen       total 41728K, used 7832K [0x73540000, 0x75e00000, 0x9dfc0000)
  object space 41728K, 18% used [0x73540000,0x73ce6088,0x75e00000)
 PSPermGen       total 16384K, used 3901K [0x6f540000, 0x70540000, 0x73540000)
  object space 16384K, 23% used [0x6f540000,0x6f90f4e0,0x70540000)
}
Event: 8.918 GC heap before
{Heap before GC invocations=5 (full 0):
 PSYoungGen      total 34304K, used 34298K [0x9dfc0000, 0xa03c0000, 0xb3540000)
  eden space 31744K, 100% used [0x9dfc0000,0x9fec0000,0x9fec0000)
  from space 2560K, 99% used [0xa0140000,0xa03be8a0,0xa03c0000)
  to   space 2560K, 0% used [0x9fec0000,0x9fec0000,0xa0140000)
 ParOldGen       total 41728K, used 7832K [0x73540000, 0x75e00000, 0x9dfc0000)
  object space 41728K, 18% used [0x73540000,0x73ce6088,0x75e00000)
 PSPermGen       total 16384K, used 3921K [0x6f540000, 0x70540000, 0x73540000)
  object space 16384K, 23% used [0x6f540000,0x6f9146a8,0x70540000)
Event: 8.970 GC heap after
Heap after GC invocations=5 (full 0):
 PSYoungGen      total 34304K, used 2558K [0x9dfc0000, 0xa3040000, 0xb3540000)
  eden space 31744K, 0% used [0x9dfc0000,0x9dfc0000,0x9fec0000)
  from space 2560K, 99% used [0x9fec0000,0xa013fac8,0xa0140000)
  to   space 9472K, 0% used [0xa2700000,0xa2700000,0xa3040000)
 ParOldGen       total 41728K, used 12961K [0x73540000, 0x75e00000, 0x9dfc0000)
  object space 41728K, 31% used [0x73540000,0x741e87a0,0x75e00000)
 PSPermGen       total 16384K, used 3921K [0x6f540000, 0x70540000, 0x73540000)
  object space 16384K, 23% used [0x6f540000,0x6f9146a8,0x70540000)
}
Event: 10.811 GC heap before
{Heap before GC invocations=6 (full 0):
 PSYoungGen      total 34304K, used 34302K [0x9dfc0000, 0xa3040000, 0xb3540000)
  eden space 31744K, 100% used [0x9dfc0000,0x9fec0000,0x9fec0000)
  from space 2560K, 99% used [0x9fec0000,0xa013fac8,0xa0140000)
  to   space 9472K, 0% used [0xa2700000,0xa2700000,0xa3040000)
 ParOldGen       total 41728K, used 12961K [0x73540000, 0x75e00000, 0x9dfc0000)
  object space 41728K, 31% used [0x73540000,0x741e87a0,0x75e00000)
 PSPermGen       total 16384K, used 3936K [0x6f540000, 0x70540000, 0x73540000)
  object space 16384K, 24% used [0x6f540000,0x6f918330,0x70540000)
Event: 10.867 GC heap after
Heap after GC invocations=6 (full 0):
 PSYoungGen      total 71936K, used 7952K [0x9dfc0000, 0xa3240000, 0xb3540000)
  eden space 62464K, 0% used [0x9dfc0000,0x9dfc0000,0xa1cc0000)
  from space 9472K, 83% used [0xa2700000,0xa2ec4338,0xa3040000)
  to   space 10496K, 0% used [0xa1cc0000,0xa1cc0000,0xa2700000)
 ParOldGen       total 41728K, used 12961K [0x73540000, 0x75e00000, 0x9dfc0000)
  object space 41728K, 31% used [0x73540000,0x741e87a0,0x75e00000)
 PSPermGen       total 16384K, used 3936K [0x6f540000, 0x70540000, 0x73540000)
  object space 16384K, 24% used [0x6f540000,0x6f918330,0x70540000)
}
Event: 13.573 GC heap before
{Heap before GC invocations=7 (full 0):
 PSYoungGen      total 71936K, used 70416K [0x9dfc0000, 0xa3240000, 0xb3540000)
  eden space 62464K, 100% used [0x9dfc0000,0xa1cc0000,0xa1cc0000)
  from space 9472K, 83% used [0xa2700000,0xa2ec4338,0xa3040000)
  to   space 10496K, 0% used [0xa1cc0000,0xa1cc0000,0xa2700000)
 ParOldGen       total 41728K, used 12961K [0x73540000, 0x75e00000, 0x9dfc0000)
  object space 41728K, 31% used [0x73540000,0x741e87a0,0x75e00000)
 PSPermGen       total 16384K, used 3966K [0x6f540000, 0x70540000, 0x73540000)
  object space 16384K, 24% used [0x6f540000,0x6f91fbc8,0x70540000)
Event: 13.670 GC heap after
Heap after GC invocations=7 (full 0):
 PSYoungGen      total 72960K, used 10482K [0x9dfc0000, 0xa79c0000, 0xb3540000)
  eden space 62464K, 0% used [0x9dfc0000,0x9dfc0000,0xa1cc0000)
  from space 10496K, 99% used [0xa1cc0000,0xa26fc830,0xa2700000)
  to   space 16384K, 0% used [0xa69c0000,0xa69c0000,0xa79c0000)
 ParOldGen       total 41728K, used 20942K [0x73540000, 0x75e00000, 0x9dfc0000)
  object space 41728K, 50% used [0x73540000,0x749b3910,0x75e00000)
 PSPermGen       total 16384K, used 3966K [0x6f540000, 0x70540000, 0x73540000)
  object space 16384K, 24% used [0x6f540000,0x6f91fbc8,0x70540000)
}
Event: 15.585 GC heap before
{Heap before GC invocations=8 (full 0):
 PSYoungGen      total 72960K, used 72946K [0x9dfc0000, 0xa79c0000, 0xb3540000)
  eden space 62464K, 100% used [0x9dfc0000,0xa1cc0000,0xa1cc0000)
  from space 10496K, 99% used [0xa1cc0000,0xa26fc830,0xa2700000)
  to   space 16384K, 0% used [0xa69c0000,0xa69c0000,0xa79c0000)
 ParOldGen       total 41728K, used 20942K [0x73540000, 0x75e00000, 0x9dfc0000)
  object space 41728K, 50% used [0x73540000,0x749b3910,0x75e00000)
 PSPermGen       total 16384K, used 3979K [0x6f540000, 0x70540000, 0x73540000)
  object space 16384K, 24% used [0x6f540000,0x6f922f10,0x70540000)
Event: 15.698 GC heap after
Heap after GC invocations=8 (full 0):
 PSYoungGen      total 136704K, used 16380K [0x9dfc0000, 0xa82c0000, 0xb3540000)
  eden space 120320K, 0% used [0x9dfc0000,0x9dfc0000,0xa5540000)
  from space 16384K, 99% used [0xa69c0000,0xa79bf3c0,0xa79c0000)
  to   space 20992K, 0% used [0xa5540000,0xa5540000,0xa69c0000)
 ParOldGen       total 41728K, used 24800K [0x73540000, 0x75e00000, 0x9dfc0000)
  object space 41728K, 59% used [0x73540000,0x74d78298,0x75e00000)
 PSPermGen       total 16384K, used 3979K [0x6f540000, 0x70540000, 0x73540000)
  object space 16384K, 24% used [0x6f540000,0x6f922f10,0x70540000)
}
Event: 18.600 GC heap before
{Heap before GC invocations=9 (full 0):
 PSYoungGen      total 136704K, used 136700K [0x9dfc0000, 0xa82c0000, 0xb3540000)
  eden space 120320K, 100% used [0x9dfc0000,0xa5540000,0xa5540000)
  from space 16384K, 99% used [0xa69c0000,0xa79bf3c0,0xa79c0000)
  to   space 20992K, 0% used [0xa5540000,0xa5540000,0xa69c0000)
 ParOldGen       total 41728K, used 24800K [0x73540000, 0x75e00000, 0x9dfc0000)
  object space 41728K, 59% used [0x73540000,0x74d78298,0x75e00000)
 PSPermGen       total 16384K, used 4024K [0x6f540000, 0x70540000, 0x73540000)
  object space 16384K, 24% used [0x6f540000,0x6f92e018,0x70540000)

Deoptimization events (10 events):
Event: 15.498 Thread 0x6b829400 Uncommon trap: reason=bimorphic action=maybe_recompile pc=0xb375c104 method=com.android.dx.cf.code.BytecodeArray.parseInstruction(ILcom/android/dx/cf/code/BytecodeArray$Visitor;)I @ 1161
Event: 15.506 Thread 0x6b829400 Uncommon trap: reason=bimorphic action=maybe_recompile pc=0xb375c104 method=com.android.dx.cf.code.BytecodeArray.parseInstruction(ILcom/android/dx/cf/code/BytecodeArray$Visitor;)I @ 1161
Event: 15.520 Thread 0xb6607800 Uncommon trap: reason=bimorphic action=maybe_recompile pc=0xb375c474 method=com.android.dx.cf.code.BytecodeArray.parseInstruction(ILcom/android/dx/cf/code/BytecodeArray$Visitor;)I @ 1357
Event: 15.538 Thread 0xb6607800 Uncommon trap: reason=bimorphic action=maybe_recompile pc=0xb375c474 method=com.android.dx.cf.code.BytecodeArray.parseInstruction(ILcom/android/dx/cf/code/BytecodeArray$Visitor;)I @ 1357
Event: 15.541 Thread 0xb6607800 Uncommon trap: reason=unstable_if action=reinterpret pc=0xb36b5960 method=com.android.dx.ssa.Dominators.run()V @ 346
Event: 15.999 Thread 0x6b82a800 Uncommon trap: reason=unstable_if action=reinterpret pc=0xb3754044 method=com.android.dx.ssa.MoveParamCombiner$1.visitNonMoveInsn(Lcom/android/dx/ssa/NormalSsaInsn;)V @ 27
Event: 16.244 Thread 0x6b829400 Uncommon trap: reason=bimorphic action=maybe_recompile pc=0xb376fcd8 method=com.android.dx.ssa.LiteralOpUpgrader.tryReplacingWithConstant(Lcom/android/dx/ssa/NormalSsaInsn;)Z @ 62
Event: 16.316 Thread 0x6b829400 Uncommon trap: reason=bimorphic action=maybe_recompile pc=0xb376fcd8 method=com.android.dx.ssa.LiteralOpUpgrader.tryReplacingWithConstant(Lcom/android/dx/ssa/NormalSsaInsn;)Z @ 62
Event: 16.487 Thread 0x6b82a800 Uncommon trap: reason=bimorphic action=maybe_recompile pc=0xb3738420 method=com.android.dx.ssa.SCCP.setLatticeValueTo(IILcom/android/dx/rop/cst/Constant;)Z @ 43
Event: 18.465 Thread 0x6b829400 Uncommon trap: reason=null_check action=make_not_entrant pc=0xb378f930 method=com.android.dx.rop.cst.CstType.intern(Lcom/android/dx/rop/type/Type;)Lcom/android/dx/rop/cst/CstType; @ 13

Internal exceptions (10 events):
Event: 1.686 Thread 0x6b82a800 Threw 0x9e592bf0 at /HUDSON/workspace/7u-2-build-linux-i586/jdk7u80/2329/hotspot/src/share/vm/prims/jvm.cpp:1319
Event: 1.938 Thread 0x6b829400 Threw 0x9e88a290 at /HUDSON/workspace/7u-2-build-linux-i586/jdk7u80/2329/hotspot/src/share/vm/prims/jvm.cpp:1319
Event: 1.991 Thread 0xb6607800 Threw 0x9ea4c800 at /HUDSON/workspace/7u-2-build-linux-i586/jdk7u80/2329/hotspot/src/share/vm/prims/jvm.cpp:1319
Event: 2.850 Thread 0x6b82a800 Threw 0x9e291c68 at /HUDSON/workspace/7u-2-build-linux-i586/jdk7u80/2329/hotspot/src/share/vm/prims/jvm.cpp:1319
Event: 8.612 Thread 0xb6607800 Implicit null exception at 0xb36ae632 to 0xb36aeb8d
Event: 8.617 Thread 0x6b828400 Threw 0x9f865790 at /HUDSON/workspace/7u-2-build-linux-i586/jdk7u80/2329/hotspot/src/share/vm/prims/jvm.cpp:1319
Event: 8.697 Thread 0xb6607800 Threw 0x9fae4f90 at /HUDSON/workspace/7u-2-build-linux-i586/jdk7u80/2329/hotspot/src/share/vm/prims/jvm.cpp:1319
Event: 9.104 Thread 0x6b823800 Threw 0x9e24a830 at /HUDSON/workspace/7u-2-build-linux-i586/jdk7u80/2329/hotspot/src/share/vm/prims/jvm.cpp:1319
Event: 13.284 Thread 0xb6607800 Threw 0xa1560de8 at /HUDSON/workspace/7u-2-build-linux-i586/jdk7u80/2329/hotspot/src/share/vm/prims/jvm.cpp:1319
Event: 18.465 Thread 0x6b829400 Implicit null exception at 0xb378e444 to 0xb378f925

Events (10 events):
Event: 16.487 Thread 0x6b82a800 Uncommon trap: trap_request=0xffffffc6 fr.pc=0xb3738420
Event: 16.487 Thread 0x6b82a800 DEOPT PACKING pc=0xb3738420 sp=0x6b75cb60
Event: 16.487 Thread 0x6b82a800 DEOPT UNPACKING pc=0xb362cbc8 sp=0x6b75cad0 mode 2
Event: 17.636 Thread 0x6c099000 flushing nmethod 0xb36bd488
Event: 17.712 Thread 0x6c099000 flushing nmethod 0xb36f9448
Event: 17.712 Thread 0x6c099000 flushing nmethod 0xb371c948
Event: 18.465 Thread 0x6b829400 Uncommon trap: trap_request=0xfffffff4 fr.pc=0xb378f930
Event: 18.465 Thread 0x6b829400 DEOPT PACKING pc=0xb378f930 sp=0x6b7ad7f0
Event: 18.465 Thread 0x6b829400 DEOPT UNPACKING pc=0xb362cbc8 sp=0x6b7ad78c mode 2
Event: 18.600 Executing VM operation: ParallelGCFailedAllocation


Dynamic libraries:
08048000-08049000 r-xp 00000000 08:06 1062523    /usr/lib/jvm/java-7-oracle/bin/java
08049000-0804a000 rw-p 00000000 08:06 1062523    /usr/lib/jvm/java-7-oracle/bin/java
08215000-08257000 rw-p 00000000 00:00 0          [heap]
69800000-698f7000 rw-p 00000000 00:00 0 
698f7000-69900000 ---p 00000000 00:00 0 
69900000-699cf000 rw-p 00000000 00:00 0 
699cf000-69a00000 ---p 00000000 00:00 0 
69a00000-69b00000 rw-p 00000000 00:00 0 
69c00000-69cfd000 rw-p 00000000 00:00 0 
69cfd000-69d00000 ---p 00000000 00:00 0 
69e00000-69ec3000 rw-p 00000000 00:00 0 
69ec3000-69f00000 ---p 00000000 00:00 0 
69f00000-69ffc000 rw-p 00000000 00:00 0 
69ffc000-6a000000 ---p 00000000 00:00 0 
6a000000-6a0e3000 rw-p 00000000 00:00 0 
6a0e3000-6a100000 ---p 00000000 00:00 0 
6a100000-6a1f1000 rw-p 00000000 00:00 0 
6a1f1000-6a200000 ---p 00000000 00:00 0 
6a200000-6a2e2000 rw-p 00000000 00:00 0 
6a2e2000-6a300000 ---p 00000000 00:00 0 
6a400000-6a4fd000 rw-p 00000000 00:00 0 
6a4fd000-6a500000 ---p 00000000 00:00 0 
6a500000-6a5f8000 rw-p 00000000 00:00 0 
6a5f8000-6a600000 ---p 00000000 00:00 0 
6a600000-6a6f9000 rw-p 00000000 00:00 0 
6a6f9000-6a700000 ---p 00000000 00:00 0 
6a700000-6a7fd000 rw-p 00000000 00:00 0 
6a7fd000-6a800000 ---p 00000000 00:00 0 
6a800000-6a8fc000 rw-p 00000000 00:00 0 
6a8fc000-6a900000 ---p 00000000 00:00 0 
6aa00000-6aade000 rw-p 00000000 00:00 0 
6aade000-6ab00000 ---p 00000000 00:00 0 
6ac00000-6acfb000 rw-p 00000000 00:00 0 
6acfb000-6ad00000 ---p 00000000 00:00 0 
6ad00000-6adff000 rw-p 00000000 00:00 0 
6adff000-6ae00000 ---p 00000000 00:00 0 
6ae00000-6aeff000 rw-p 00000000 00:00 0 
6aeff000-6af00000 ---p 00000000 00:00 0 
6b000000-6b0fb000 rw-p 00000000 00:00 0 
6b0fb000-6b100000 ---p 00000000 00:00 0 
6b200000-6b2dc000 rw-p 00000000 00:00 0 
6b2dc000-6b300000 ---p 00000000 00:00 0 
6b300000-6b3f5000 rw-p 00000000 00:00 0 
6b3f5000-6b400000 ---p 00000000 00:00 0 
6b400000-6b4dc000 rw-p 00000000 00:00 0 
6b4dc000-6b500000 ---p 00000000 00:00 0 
6b500000-6b5d6000 rw-p 00000000 00:00 0 
6b5d6000-6b600000 ---p 00000000 00:00 0 
6b600000-6b6ff000 rw-p 00000000 00:00 0 
6b6ff000-6b700000 ---p 00000000 00:00 0 
6b70d000-6b710000 ---p 00000000 00:00 0 
6b710000-6b75e000 rw-p 00000000 00:00 0          [stack:10075]
6b75e000-6b761000 ---p 00000000 00:00 0 
6b761000-6b7af000 rw-p 00000000 00:00 0          [stack:10074]
6b7af000-6b7b2000 ---p 00000000 00:00 0 
6b7b2000-6b800000 rw-p 00000000 00:00 0          [stack:10073]
6b800000-6b855000 rw-p 00000000 00:00 0 
6b855000-6b900000 ---p 00000000 00:00 0 
6b90b000-6b90e000 ---p 00000000 00:00 0 
6b90e000-6b95c000 rw-p 00000000 00:00 0          [stack:10072]
6b95c000-6b95f000 ---p 00000000 00:00 0 
6b95f000-6b9ad000 rw-p 00000000 00:00 0          [stack:10071]
6b9ad000-6b9ae000 ---p 00000000 00:00 0 
6b9ae000-6ba2e000 rw-p 00000000 00:00 0          [stack:10065]
6ba2e000-6ba31000 ---p 00000000 00:00 0 
6ba31000-6ba7f000 rw-p 00000000 00:00 0          [stack:10064]
6ba7f000-6ba82000 ---p 00000000 00:00 0 
6ba82000-6bb00000 rw-p 00000000 00:00 0          [stack:10063]
6bb00000-6bd00000 r--p 00000000 08:06 1055544    /usr/lib/locale/locale-archive
6bd00000-6bd21000 rw-p 00000000 00:00 0 
6bd21000-6be00000 ---p 00000000 00:00 0 
6be2e000-6be31000 ---p 00000000 00:00 0 
6be31000-6beaf000 rw-p 00000000 00:00 0          [stack:10062]
6beaf000-6beb2000 ---p 00000000 00:00 0 
6beb2000-6bf00000 rw-p 00000000 00:00 0          [stack:10061]
6bf00000-6bffb000 rw-p 00000000 00:00 0 
6bffb000-6c000000 ---p 00000000 00:00 0 
6c000000-6c0ff000 rw-p 00000000 00:00 0 
6c0ff000-6c100000 ---p 00000000 00:00 0 
6c12e000-6c131000 ---p 00000000 00:00 0 
6c131000-6c17f000 rw-p 00000000 00:00 0          [stack:10055]
6c17f000-6c180000 ---p 00000000 00:00 0 
6c180000-6c200000 rw-p 00000000 00:00 0          [stack:10053]
6c200000-6c3c0000 r--s 039fb000 08:06 1063215    /usr/lib/jvm/java-7-oracle/jre/lib/rt.jar
6c3c0000-6ea00000 rw-p 00000000 00:00 0 
6ea00000-6eafe000 rw-p 00000000 00:00 0 
6eafe000-6eb00000 ---p 00000000 00:00 0 
6eb2e000-6eb31000 ---p 00000000 00:00 0 
6eb31000-6eb7f000 rw-p 00000000 00:00 0          [stack:10054]
6eb7f000-6eb80000 ---p 00000000 00:00 0 
6eb80000-6ec00000 rw-p 00000000 00:00 0          [stack:10051]
6ec00000-6ec21000 rw-p 00000000 00:00 0 
6ec21000-6ed00000 ---p 00000000 00:00 0 
6ed34000-6ed7f000 rw-p 00000000 00:00 0 
6ed7f000-6ed80000 ---p 00000000 00:00 0 
6ed80000-6ee00000 rw-p 00000000 00:00 0          [stack:10050]
6ee00000-6ee21000 rw-p 00000000 00:00 0 
6ee21000-6ef00000 ---p 00000000 00:00 0 
6ef0e000-6ef23000 r-xp 00000000 08:06 1063179    /usr/lib/jvm/java-7-oracle/jre/lib/i386/libnet.so
6ef23000-6ef24000 rw-p 00015000 08:06 1063179    /usr/lib/jvm/java-7-oracle/jre/lib/i386/libnet.so
6ef24000-6ef7f000 rw-p 00000000 00:00 0 
6ef7f000-6ef80000 ---p 00000000 00:00 0 
6ef80000-6f000000 rw-p 00000000 00:00 0          [stack:10048]
6f000000-6f021000 rw-p 00000000 00:00 0 
6f021000-6f100000 ---p 00000000 00:00 0 
6f109000-6f117000 r-xp 00000000 08:06 1063183    /usr/lib/jvm/java-7-oracle/jre/lib/i386/libnio.so
6f117000-6f118000 rw-p 0000e000 08:06 1063183    /usr/lib/jvm/java-7-oracle/jre/lib/i386/libnio.so
6f118000-6f12e000 r--s 000f0000 08:06 5910723    /home/trongkhanhhd/AndroidStudioProjects/MobilePOS/app/build/intermediates/exploded-aar/com.android.support/support-v4/23.2.1/jars/classes.jar
6f12e000-6f148000 rw-p 00000000 00:00 0 
6f148000-6f149000 ---p 00000000 00:00 0 
6f149000-6f1de000 rw-p 00000000 00:00 0          [stack:10046]
6f1de000-6f31f000 rw-p 00000000 00:00 0 
6f31f000-6f327000 rw-p 00000000 00:00 0 
6f327000-6f33f000 rw-p 00000000 00:00 0 
6f33f000-6f354000 rw-p 00000000 00:00 0 
6f354000-6f494000 rw-p 00000000 00:00 0 
6f494000-6f4e6000 rw-p 00000000 00:00 0 
6f4e6000-6f53f000 rw-p 00000000 00:00 0 
6f53f000-70540000 rw-p 00000000 00:00 0 
70540000-73540000 rw-p 00000000 00:00 0 
73540000-75e00000 rw-p 00000000 00:00 0 
75e00000-9dfc0000 rw-p 00000000 00:00 0 
9dfc0000-a82c0000 rw-p 00000000 00:00 0 
ad54d000-ad6c0000 rw-p 00000000 00:00 0 
ad6c0000-b3540000 rw-p 00000000 00:00 0 
b3540000-b3549000 rw-p 00000000 00:00 0 
b3549000-b3600000 rw-p 00000000 00:00 0 
b3600000-b3840000 rwxp 00000000 00:00 0 
b3840000-b66f6000 rw-p 00000000 00:00 0 
b66f6000-b6700000 ---p 00000000 00:00 0 
b6701000-b6709000 rw-p 00000000 00:00 0 
b6709000-b6721000 rw-p 00000000 00:00 0 
b6721000-b6738000 r-xp 00000000 08:06 1063211    /usr/lib/jvm/java-7-oracle/jre/lib/i386/libzip.so
b6738000-b6739000 rw-p 00016000 08:06 1063211    /usr/lib/jvm/java-7-oracle/jre/lib/i386/libzip.so
b6739000-b6744000 r-xp 00000000 08:06 659686     /lib/i386-linux-gnu/libnss_files-2.15.so
b6744000-b6745000 r--p 0000a000 08:06 659686     /lib/i386-linux-gnu/libnss_files-2.15.so
b6745000-b6746000 rw-p 0000b000 08:06 659686     /lib/i386-linux-gnu/libnss_files-2.15.so
b6746000-b6750000 r-xp 00000000 08:06 656439     /lib/i386-linux-gnu/libnss_nis-2.15.so
b6750000-b6751000 r--p 00009000 08:06 656439     /lib/i386-linux-gnu/libnss_nis-2.15.so
b6751000-b6752000 rw-p 0000a000 08:06 656439     /lib/i386-linux-gnu/libnss_nis-2.15.so
b6752000-b6768000 r-xp 00000000 08:06 659696     /lib/i386-linux-gnu/libnsl-2.15.so
b6768000-b6769000 r--p 00015000 08:06 659696     /lib/i386-linux-gnu/libnsl-2.15.so
b6769000-b676a000 rw-p 00016000 08:06 659696     /lib/i386-linux-gnu/libnsl-2.15.so
b676a000-b676c000 rw-p 00000000 00:00 0 
b676c000-b6773000 r-xp 00000000 08:06 659700     /lib/i386-linux-gnu/libnss_compat-2.15.so
b6773000-b6774000 r--p 00006000 08:06 659700     /lib/i386-linux-gnu/libnss_compat-2.15.so
b6774000-b6775000 rw-p 00007000 08:06 659700     /lib/i386-linux-gnu/libnss_compat-2.15.so
b6779000-b677b000 rw-p 00000000 00:00 0 
b677b000-b678a000 r--s 000df000 08:06 5643078    /home/trongkhanhhd/Android/Sdk/build-tools/23.0.3/lib/dx.jar
b678a000-b678b000 r--p 005e0000 08:06 1055544    /usr/lib/locale/locale-archive
b678b000-b67ae000 r-xp 00000000 08:06 1063169    /usr/lib/jvm/java-7-oracle/jre/lib/i386/libjava.so
b67ae000-b67af000 rw-p 00023000 08:06 1063169    /usr/lib/jvm/java-7-oracle/jre/lib/i386/libjava.so
b67af000-b67b6000 r-xp 00000000 08:06 659688     /lib/i386-linux-gnu/librt-2.15.so
b67b6000-b67b7000 r--p 00006000 08:06 659688     /lib/i386-linux-gnu/librt-2.15.so
b67b7000-b67b8000 rw-p 00007000 08:06 659688     /lib/i386-linux-gnu/librt-2.15.so
b67b8000-b67bb000 ---p 00000000 00:00 0 
b67bb000-b6809000 rw-p 00000000 00:00 0          [stack:10043]
b6809000-b6833000 r-xp 00000000 08:06 659697     /lib/i386-linux-gnu/libm-2.15.so
b6833000-b6834000 r--p 00029000 08:06 659697     /lib/i386-linux-gnu/libm-2.15.so
b6834000-b6835000 rw-p 0002a000 08:06 659697     /lib/i386-linux-gnu/libm-2.15.so
b6835000-b70bc000 r-xp 00000000 08:06 1063173    /usr/lib/jvm/java-7-oracle/jre/lib/i386/server/libjvm.so
b70bc000-b7120000 rw-p 00886000 08:06 1063173    /usr/lib/jvm/java-7-oracle/jre/lib/i386/server/libjvm.so
b7120000-b7544000 rw-p 00000000 00:00 0 
b7544000-b76e7000 r-xp 00000000 08:06 659701     /lib/i386-linux-gnu/libc-2.15.so
b76e7000-b76e9000 r--p 001a3000 08:06 659701     /lib/i386-linux-gnu/libc-2.15.so
b76e9000-b76ea000 rw-p 001a5000 08:06 659701     /lib/i386-linux-gnu/libc-2.15.so
b76ea000-b76ed000 rw-p 00000000 00:00 0 
b76ed000-b76f0000 r-xp 00000000 08:06 659699     /lib/i386-linux-gnu/libdl-2.15.so
b76f0000-b76f1000 r--p 00002000 08:06 659699     /lib/i386-linux-gnu/libdl-2.15.so
b76f1000-b76f2000 rw-p 00003000 08:06 659699     /lib/i386-linux-gnu/libdl-2.15.so
b76f2000-b76f3000 rw-p 00000000 00:00 0 
b76f3000-b7707000 r-xp 00000000 08:06 1058573    /usr/lib/jvm/java-7-oracle/lib/i386/jli/libjli.so
b7707000-b7708000 rw-p 00013000 08:06 1058573    /usr/lib/jvm/java-7-oracle/lib/i386/jli/libjli.so
b7708000-b771f000 r-xp 00000000 08:06 659684     /lib/i386-linux-gnu/libpthread-2.15.so
b771f000-b7720000 r--p 00016000 08:06 659684     /lib/i386-linux-gnu/libpthread-2.15.so
b7720000-b7721000 rw-p 00017000 08:06 659684     /lib/i386-linux-gnu/libpthread-2.15.so
b7721000-b7723000 rw-p 00000000 00:00 0 
b7723000-b772b000 rw-s 00000000 08:06 6298774    /tmp/hsperfdata_trongkhanhhd/10041
b772b000-b772c000 rw-p 00000000 00:00 0 
b772c000-b772d000 ---p 00000000 00:00 0 
b772d000-b7738000 r-xp 00000000 08:06 1063195    /usr/lib/jvm/java-7-oracle/jre/lib/i386/libverify.so
b7738000-b7739000 rw-p 0000b000 08:06 1063195    /usr/lib/jvm/java-7-oracle/jre/lib/i386/libverify.so
b7739000-b773b000 rw-p 00000000 00:00 0 
b773b000-b773c000 r-xp 00000000 00:00 0          [vdso]
b773c000-b775c000 r-xp 00000000 08:06 659689     /lib/i386-linux-gnu/ld-2.15.so
b775c000-b775d000 r--p 0001f000 08:06 659689     /lib/i386-linux-gnu/ld-2.15.so
b775d000-b775e000 rw-p 00020000 08:06 659689     /lib/i386-linux-gnu/ld-2.15.so
bf819000-bf81a000 rwxp 00000000 00:00 0 
bf84c000-bf86d000 rw-p 00000000 00:00 0          [stack]

VM Arguments:
jvm_args: -Djava.awt.headless=true -Xmx1024M -Dfile.encoding=UTF-8 -Duser.country=US -Duser.language=en -Duser.variant 
java_command: com.android.dx.command.Main --dex --num-threads=4 --output /home/trongkhanhhd/AndroidStudioProjects/MobilePOS/app/build/intermediates/pre-dexed/debug/com.android.support-support-v4-23.2.1_1412d7aad7683ab96c123c74a6f41aa0103cb3bf.jar /home/trongkhanhhd/AndroidStudioProjects/MobilePOS/app/build/intermediates/exploded-aar/com.android.support/support-v4/23.2.1/jars/classes.jar
Launcher Type: SUN_STANDARD

Environment Variables:
PATH=/usr/lib/lightdm/lightdm:/usr/local/sbin:/usr/local/bin:/usr/sbin:/usr/bin:/sbin:/bin:/usr/games
LD_LIBRARY_PATH=/home/trongkhanhhd/Desktop/AndroidStudio/android-studio/bin:
SHELL=/bin/bash
DISPLAY=:0.0

Signal Handlers:
SIGSEGV: [libjvm.so+0x7eb160], sa_mask[0]=0x7ffbfeff, sa_flags=0x10000004
SIGBUS: [libjvm.so+0x7eb160], sa_mask[0]=0x7ffbfeff, sa_flags=0x10000004
SIGFPE: [libjvm.so+0x684ac0], sa_mask[0]=0x7ffbfeff, sa_flags=0x10000004
SIGPIPE: [libjvm.so+0x684ac0], sa_mask[0]=0x7ffbfeff, sa_flags=0x10000004
SIGXFSZ: [libjvm.so+0x684ac0], sa_mask[0]=0x7ffbfeff, sa_flags=0x10000004
SIGILL: [libjvm.so+0x684ac0], sa_mask[0]=0x7ffbfeff, sa_flags=0x10000004
SIGUSR1: SIG_DFL, sa_mask[0]=0x00000000, sa_flags=0x00000000
SIGUSR2: [libjvm.so+0x686330], sa_mask[0]=0x00000004, sa_flags=0x10000004
SIGHUP: [libjvm.so+0x687660], sa_mask[0]=0x7ffbfeff, sa_flags=0x10000004
SIGINT: [libjvm.so+0x687660], sa_mask[0]=0x7ffbfeff, sa_flags=0x10000004
SIGTERM: [libjvm.so+0x687660], sa_mask[0]=0x7ffbfeff, sa_flags=0x10000004
SIGQUIT: [libjvm.so+0x687660], sa_mask[0]=0x7ffbfeff, sa_flags=0x10000004


---------------  S Y S T E M  ---------------

OS:wheezy/sid

uname:Linux 3.13.0-32-generic #57~precise1-Ubuntu SMP Tue Jul 15 03:50:54 UTC 2014 i686
libc:glibc 2.15 NPTL 2.15 
rlimit: STACK 8192k, CORE 0k, NPROC 31084, NOFILE 4096, AS infinity
load average:6.65 2.97 2.06

/proc/meminfo:
MemTotal:        3997764 kB
MemFree:          209332 kB
Buffers:            8388 kB
Cached:           436832 kB
SwapCached:            0 kB
Active:          3280044 kB
Inactive:         394484 kB
Active(anon):    3234524 kB
Inactive(anon):   347396 kB
Active(file):      45520 kB
Inactive(file):    47088 kB
Unevictable:         152 kB
Mlocked:             152 kB
HighTotal:       3145204 kB
HighFree:          40088 kB
LowTotal:         852560 kB
LowFree:          169244 kB
SwapTotal:             0 kB
SwapFree:              0 kB
Dirty:               508 kB
Writeback:             0 kB
AnonPages:       3229604 kB
Mapped:           220716 kB
Shmem:            352432 kB
Slab:              49808 kB
SReclaimable:      24380 kB
SUnreclaim:        25428 kB
KernelStack:        6136 kB
PageTables:        21764 kB
NFS_Unstable:          0 kB
Bounce:                0 kB
WritebackTmp:          0 kB
CommitLimit:     1998880 kB
Committed_AS:    9699992 kB
VmallocTotal:     122880 kB
VmallocUsed:       17436 kB
VmallocChunk:      98240 kB
HardwareCorrupted:     0 kB
AnonHugePages:   1130496 kB
HugePages_Total:       0
HugePages_Free:        0
HugePages_Rsvd:        0
HugePages_Surp:        0
Hugepagesize:       2048 kB
DirectMap4k:       18424 kB
DirectMap2M:      892928 kB


CPU:total 4 (2 cores per cpu, 2 threads per core) family 6 model 58 stepping 9, cmov, cx8, fxsr, mmx, sse, sse2, sse3, ssse3, sse4.1, sse4.2, popcnt, avx, aes, erms, ht, tsc, tscinvbit, tscinv

/proc/cpuinfo:
processor	: 0
vendor_id	: GenuineIntel
cpu family	: 6
model		: 58
model name	: Intel(R) Core(TM) i5-3230M CPU @ 2.60GHz
stepping	: 9
microcode	: 0x15
cpu MHz		: 2601.000
cache size	: 3072 KB
physical id	: 0
siblings	: 4
core id		: 0
cpu cores	: 2
apicid		: 0
initial apicid	: 0
fdiv_bug	: no
f00f_bug	: no
coma_bug	: no
fpu		: yes
fpu_exception	: yes
cpuid level	: 13
wp		: yes
flags		: fpu vme de pse tsc msr pae mce cx8 apic sep mtrr pge mca cmov pat pse36 clflush dts acpi mmx fxsr sse sse2 ss ht tm pbe nx rdtscp lm constant_tsc arch_perfmon pebs bts xtopology nonstop_tsc aperfmperf eagerfpu pni pclmulqdq dtes64 monitor ds_cpl vmx est tm2 ssse3 cx16 xtpr pdcm pcid sse4_1 sse4_2 x2apic popcnt tsc_deadline_timer aes xsave avx f16c rdrand lahf_lm ida arat epb xsaveopt pln pts dtherm tpr_shadow vnmi flexpriority ept vpid fsgsbase smep erms
bogomips	: 5188.31
clflush size	: 64
cache_alignment	: 64
address sizes	: 36 bits physical, 48 bits virtual
power management:

processor	: 1
vendor_id	: GenuineIntel
cpu family	: 6
model		: 58
model name	: Intel(R) Core(TM) i5-3230M CPU @ 2.60GHz
stepping	: 9
microcode	: 0x15
cpu MHz		: 2601.000
cache size	: 3072 KB
physical id	: 0
siblings	: 4
core id		: 1
cpu cores	: 2
apicid		: 2
initial apicid	: 2
fdiv_bug	: no
f00f_bug	: no
coma_bug	: no
fpu		: yes
fpu_exception	: yes
cpuid level	: 13
wp		: yes
flags		: fpu vme de pse tsc msr pae mce cx8 apic sep mtrr pge mca cmov pat pse36 clflush dts acpi mmx fxsr sse sse2 ss ht tm pbe nx rdtscp lm constant_tsc arch_perfmon pebs bts xtopology nonstop_tsc aperfmperf eagerfpu pni pclmulqdq dtes64 monitor ds_cpl vmx est tm2 ssse3 cx16 xtpr pdcm pcid sse4_1 sse4_2 x2apic popcnt tsc_deadline_timer aes xsave avx f16c rdrand lahf_lm ida arat epb xsaveopt pln pts dtherm tpr_shadow vnmi flexpriority ept vpid fsgsbase smep erms
bogomips	: 5188.31
clflush size	: 64
cache_alignment	: 64
address sizes	: 36 bits physical, 48 bits virtual
power management:

processor	: 2
vendor_id	: GenuineIntel
cpu family	: 6
model		: 58
model name	: Intel(R) Core(TM) i5-3230M CPU @ 2.60GHz
stepping	: 9
microcode	: 0x15
cpu MHz		: 2601.000
cache size	: 3072 KB
physical id	: 0
siblings	: 4
core id		: 0
cpu cores	: 2
apicid		: 1
initial apicid	: 1
fdiv_bug	: no
f00f_bug	: no
coma_bug	: no
fpu		: yes
fpu_exception	: yes
cpuid level	: 13
wp		: yes
flags		: fpu vme de pse tsc msr pae mce cx8 apic sep mtrr pge mca cmov pat pse36 clflush dts acpi mmx fxsr sse sse2 ss ht tm pbe nx rdtscp lm constant_tsc arch_perfmon pebs bts xtopology nonstop_tsc aperfmperf eagerfpu pni pclmulqdq dtes64 monitor ds_cpl vmx est tm2 ssse3 cx16 xtpr pdcm pcid sse4_1 sse4_2 x2apic popcnt tsc_deadline_timer aes xsave avx f16c rdrand lahf_lm ida arat epb xsaveopt pln pts dtherm tpr_shadow vnmi flexpriority ept vpid fsgsbase smep erms
bogomips	: 5188.31
clflush size	: 64
cache_alignment	: 64
address sizes	: 36 bits physical, 48 bits virtual
power management:

processor	: 3
vendor_id	: GenuineIntel
cpu family	: 6
model		: 58
model name	: Intel(R) Core(TM) i5-3230M CPU @ 2.60GHz
stepping	: 9
microcode	: 0x15
cpu MHz		: 2601.000
cache size	: 3072 KB
physical id	: 0
siblings	: 4
core id		: 1
cpu cores	: 2
apicid		: 3
initial apicid	: 3
fdiv_bug	: no
f00f_bug	: no
coma_bug	: no
fpu		: yes
fpu_exception	: yes
cpuid level	: 13
wp		: yes
flags		: fpu vme de pse tsc msr pae mce cx8 apic sep mtrr pge mca cmov pat pse36 clflush dts acpi mmx fxsr sse sse2 ss ht tm pbe nx rdtscp lm constant_tsc arch_perfmon pebs bts xtopology nonstop_tsc aperfmperf eagerfpu pni pclmulqdq dtes64 monitor ds_cpl vmx est tm2 ssse3 cx16 xtpr pdcm pcid sse4_1 sse4_2 x2apic popcnt tsc_deadline_timer aes xsave avx f16c rdrand lahf_lm ida arat epb xsaveopt pln pts dtherm tpr_shadow vnmi flexpriority ept vpid fsgsbase smep erms
bogomips	: 5188.31
clflush size	: 64
cache_alignment	: 64
address sizes	: 36 bits physical, 48 bits virtual
power management:



Memory: 4k page, physical 3997764k(209332k free), swap 0k(0k free)

vm_info: Java HotSpot(TM) Server VM (24.80-b11) for linux-x86 JRE (1.7.0_80-b15), built on Apr 10 2015 12:29:10 by "java_re" with gcc 4.3.0 20080428 (Red Hat 4.3.0-8)

time: Thu Apr  7 23:21:56 2016
elapsed time: 18 seconds

