#
# There is insufficient memory for the Java Runtime Environment to continue.
# Native memory allocation (malloc) failed to allocate 87556096 bytes for committing reserved memory.
# Possible reasons:
#   The system is out of physical RAM or swap space
#   In 32 bit mode, the process size limit was hit
# Possible solutions:
#   Reduce memory load on the system
#   Increase physical memory or swap space
#   Check if swap backing store is full
#   Use 64 bit Java on a 64 bit OS
#   Decrease Java heap size (-Xmx/-Xms)
#   Decrease number of Java threads
#   Decrease Java thread stack sizes (-Xss)
#   Set larger code cache with -XX:ReservedCodeCacheSize=
# This output file may be truncated or incomplete.
#
#  Out of Memory Error (os_linux.cpp:2756), pid=11351, tid=1814035264
#
# JRE version: Java(TM) SE Runtime Environment (7.0_80-b15) (build 1.7.0_80-b15)
# Java VM: Java HotSpot(TM) Server VM (24.80-b11 mixed mode linux-x86 )
# Failed to write core dump. Core dumps have been disabled. To enable core dumping, try "ulimit -c unlimited" before starting Java again
#

---------------  T H R E A D  ---------------

Current thread (0x6c080800):  VMThread [stack: 0x6c17f000,0x6c200000] [id=11360]

Stack: [0x6c17f000,0x6c200000],  sp=0x6c1fe930,  free space=510k
Native frames: (J=compiled Java code, j=interpreted, Vv=VM code, C=native code)
V  [libjvm.so+0x7ea656]  VMError::report_and_die()+0x1a6
V  [libjvm.so+0x33eb82]  report_vm_out_of_memory(char const*, int, unsigned int, char const*)+0x72
V  [libjvm.so+0x687fb1]  os::Linux::commit_memory_impl(char*, unsigned int, bool)+0xe1
V  [libjvm.so+0x688478]  os::pd_commit_memory(char*, unsigned int, unsigned int, bool)+0x28
V  [libjvm.so+0x681b2c]  os::commit_memory(char*, unsigned int, unsigned int, bool)+0x2c
V  [libjvm.so+0x6ea8d8]  PSVirtualSpace::expand_by(unsigned int)+0x48
V  [libjvm.so+0x6eb9da]  PSYoungGen::resize_generation(unsigned int, unsigned int)+0xda
V  [libjvm.so+0x6ead19]  PSYoungGen::resize(unsigned int, unsigned int)+0x19
V  [libjvm.so+0x6e8649]  PSScavenge::invoke_no_policy()+0xcf9
V  [libjvm.so+0x6e8ea8]  PSScavenge::invoke()+0x28
V  [libjvm.so+0x6a851a]  ParallelScavengeHeap::failed_mem_allocate(unsigned int)+0x5a
V  [libjvm.so+0x7ebeea]  VM_ParallelGCFailedAllocation::doit()+0x7a
V  [libjvm.so+0x7f4d07]  VM_Operation::evaluate()+0x47
V  [libjvm.so+0x7f2da3]  VMThread::evaluate_operation(VM_Operation*)+0xb3
V  [libjvm.so+0x7f3140]  VMThread::loop()+0x1b0
V  [libjvm.so+0x7f35a5]  VMThread::run()+0x85
V  [libjvm.so+0x68a249]  java_start(Thread*)+0x119
C  [libpthread.so.0+0x6d4c]  start_thread+0xcc

VM_Operation (0x6b7fea54): ParallelGCFailedAllocation, mode: safepoint, requested by thread 0x6b628000


---------------  P R O C E S S  ---------------

Java Threads: ( => current thread )
  0x6b62a000 JavaThread "pool-1-thread-4" [_thread_blocked, id=11372, stack(0x6b70d000,0x6b75e000)]
  0x6b629000 JavaThread "pool-1-thread-3" [_thread_blocked, id=11371, stack(0x6b75e000,0x6b7af000)]
  0x6b628000 JavaThread "pool-1-thread-2" [_thread_blocked, id=11370, stack(0x6b7af000,0x6b800000)]
  0x6b625800 JavaThread "pool-2-thread-1" [_thread_blocked, id=11369, stack(0x6b90b000,0x6b95c000)]
  0x6b623400 JavaThread "pool-1-thread-1" [_thread_blocked, id=11368, stack(0x6b95c000,0x6b9ad000)]
  0x6c09ac00 JavaThread "Service Thread" daemon [_thread_blocked, id=11366, stack(0x6ba2e000,0x6ba7f000)]
  0x6c099000 JavaThread "C2 CompilerThread1" daemon [_thread_blocked, id=11365, stack(0x6ba7f000,0x6bb00000)]
  0x6c097000 JavaThread "C2 CompilerThread0" daemon [_thread_blocked, id=11364, stack(0x6be2e000,0x6beaf000)]
  0x6c095400 JavaThread "Signal Dispatcher" daemon [_thread_blocked, id=11363, stack(0x6beaf000,0x6bf00000)]
  0x6c084c00 JavaThread "Finalizer" daemon [_thread_blocked, id=11362, stack(0x6c12e000,0x6c17f000)]
  0x6c083000 JavaThread "Reference Handler" daemon [_thread_blocked, id=11361, stack(0x6eb2e000,0x6eb7f000)]
  0xb6607800 JavaThread "main" [_thread_blocked, id=11353, stack(0xb6793000,0xb67e4000)]

Other Threads:
=>0x6c080800 VMThread [stack: 0x6c17f000,0x6c200000] [id=11360]
  0x6c09c800 WatcherThread [stack: 0x6b9ad000,0x6ba2e000] [id=11367]

VM state:at safepoint (normal execution)

VM Mutex/Monitor currently owned by a thread:  ([mutex/lock_event])
[0xb6605070] Threads_lock - owner thread: 0x6c080800
[0xb6605480] Heap_lock - owner thread: 0x6b628000

Heap
 PSYoungGen      total 140544K, used 20208K [0x9df80000, 0xa8100000, 0xb3500000)
  eden space 120320K, 0% used [0x9df80000,0x9df80000,0xa5500000)
  from space 20224K, 99% used [0xa5500000,0xa68bc258,0xa68c0000)
  to   space 15616K, 0% used [0xa68c0000,0xa68c0000,0xa7800000)
 ParOldGen       total 41728K, used 37784K [0x73500000, 0x75dc0000, 0x9df80000)
  object space 41728K, 90% used [0x73500000,0x759e63f0,0x75dc0000)
 PSPermGen       total 16384K, used 4023K [0x6f500000, 0x70500000, 0x73500000)
  object space 16384K, 24% used [0x6f500000,0x6f8edfb0,0x70500000)

Card table byte_map: [0x6f2df000,0x6f500000] byte_map_base: 0x6ef64800

Polling page: 0xb7707000

Code Cache  [0xb35e8000, 0xb3828000, 0xb65e8000)
 total_blobs=440 nmethods=317 adapters=76 free_code_cache=47794Kb largest_free_block=48879104

Compilation events (10 events):
Event: 19.310 Thread 0x6c099000 nmethod 325 0xb367a7c8 code [0xb367a940, 0xb367ad84]
Event: 19.310 Thread 0x6c099000  326             java.util.HashMap::createEntry (39 bytes)
Event: 19.312 Thread 0x6c099000 nmethod 326 0xb368bb88 code [0xb368bc80, 0xb368bdf0]
Event: 19.312 Thread 0x6c099000  327             com.android.dx.ssa.SsaBasicBlock::getRopLabelSuccessorList (57 bytes)
Event: 19.412 Thread 0x6c099000 nmethod 327 0xb36860c8 code [0xb3686220, 0xb3686890]
Event: 19.412 Thread 0x6c099000  328             java.lang.StringBuilder::append (8 bytes)
Event: 19.427 Thread 0x6c099000 nmethod 328 0xb367b548 code [0xb367b660, 0xb367b9f0]
Event: 19.427 Thread 0x6c099000  329             com.android.dx.rop.cst.Constant::<init> (5 bytes)
Event: 19.427 Thread 0x6c099000 nmethod 329 0xb367b3c8 code [0xb367b4a0, 0xb367b4f0]
Event: 19.427 Thread 0x6c099000  330   !         com.android.dx.rop.type.Type::intern (319 bytes)

GC Heap History (10 events):
Event: 5.349 GC heap after
Heap after GC invocations=4 (full 0):
 PSYoungGen      total 34304K, used 2547K [0x9df80000, 0xa0380000, 0xb3500000)
  eden space 31744K, 0% used [0x9df80000,0x9df80000,0x9fe80000)
  from space 2560K, 99% used [0xa0100000,0xa037cdc0,0xa0380000)
  to   space 2560K, 0% used [0x9fe80000,0x9fe80000,0xa0100000)
 ParOldGen       total 41728K, used 7397K [0x73500000, 0x75dc0000, 0x9df80000)
  object space 41728K, 17% used [0x73500000,0x73c39540,0x75dc0000)
 PSPermGen       total 16384K, used 3901K [0x6f500000, 0x70500000, 0x73500000)
  object space 16384K, 23% used [0x6f500000,0x6f8cf540,0x70500000)
}
Event: 7.808 GC heap before
{Heap before GC invocations=5 (full 0):
 PSYoungGen      total 34304K, used 34291K [0x9df80000, 0xa0380000, 0xb3500000)
  eden space 31744K, 100% used [0x9df80000,0x9fe80000,0x9fe80000)
  from space 2560K, 99% used [0xa0100000,0xa037cdc0,0xa0380000)
  to   space 2560K, 0% used [0x9fe80000,0x9fe80000,0xa0100000)
 ParOldGen       total 41728K, used 7397K [0x73500000, 0x75dc0000, 0x9df80000)
  object space 41728K, 17% used [0x73500000,0x73c39540,0x75dc0000)
 PSPermGen       total 16384K, used 3928K [0x6f500000, 0x70500000, 0x73500000)
  object space 16384K, 23% used [0x6f500000,0x6f8d6168,0x70500000)
Event: 7.848 GC heap after
Heap after GC invocations=5 (full 0):
 PSYoungGen      total 34304K, used 2556K [0x9df80000, 0xa2f00000, 0xb3500000)
  eden space 31744K, 0% used [0x9df80000,0x9df80000,0x9fe80000)
  from space 2560K, 99% used [0x9fe80000,0xa00ff138,0xa0100000)
  to   space 8960K, 0% used [0xa2640000,0xa2640000,0xa2f00000)
 ParOldGen       total 41728K, used 12276K [0x73500000, 0x75dc0000, 0x9df80000)
  object space 41728K, 29% used [0x73500000,0x740fd178,0x75dc0000)
 PSPermGen       total 16384K, used 3928K [0x6f500000, 0x70500000, 0x73500000)
  object space 16384K, 23% used [0x6f500000,0x6f8d6168,0x70500000)
}
Event: 9.505 GC heap before
{Heap before GC invocations=6 (full 0):
 PSYoungGen      total 34304K, used 34300K [0x9df80000, 0xa2f00000, 0xb3500000)
  eden space 31744K, 100% used [0x9df80000,0x9fe80000,0x9fe80000)
  from space 2560K, 99% used [0x9fe80000,0xa00ff138,0xa0100000)
  to   space 8960K, 0% used [0xa2640000,0xa2640000,0xa2f00000)
 ParOldGen       total 41728K, used 12276K [0x73500000, 0x75dc0000, 0x9df80000)
  object space 41728K, 29% used [0x73500000,0x740fd178,0x75dc0000)
 PSPermGen       total 16384K, used 3939K [0x6f500000, 0x70500000, 0x73500000)
  object space 16384K, 24% used [0x6f500000,0x6f8d8ca8,0x70500000)
Event: 9.555 GC heap after
Heap after GC invocations=6 (full 0):
 PSYoungGen      total 71424K, used 7674K [0x9df80000, 0xa3100000, 0xb3500000)
  eden space 62464K, 0% used [0x9df80000,0x9df80000,0xa1c80000)
  from space 8960K, 85% used [0xa2640000,0xa2dbe8e0,0xa2f00000)
  to   space 9984K, 0% used [0xa1c80000,0xa1c80000,0xa2640000)
 ParOldGen       total 41728K, used 12276K [0x73500000, 0x75dc0000, 0x9df80000)
  object space 41728K, 29% used [0x73500000,0x740fd178,0x75dc0000)
 PSPermGen       total 16384K, used 3939K [0x6f500000, 0x70500000, 0x73500000)
  object space 16384K, 24% used [0x6f500000,0x6f8d8ca8,0x70500000)
}
Event: 12.060 GC heap before
{Heap before GC invocations=7 (full 0):
 PSYoungGen      total 71424K, used 70138K [0x9df80000, 0xa3100000, 0xb3500000)
  eden space 62464K, 100% used [0x9df80000,0xa1c80000,0xa1c80000)
  from space 8960K, 85% used [0xa2640000,0xa2dbe8e0,0xa2f00000)
  to   space 9984K, 0% used [0xa1c80000,0xa1c80000,0xa2640000)
 ParOldGen       total 41728K, used 12276K [0x73500000, 0x75dc0000, 0x9df80000)
  object space 41728K, 29% used [0x73500000,0x740fd178,0x75dc0000)
 PSPermGen       total 16384K, used 3964K [0x6f500000, 0x70500000, 0x73500000)
  object space 16384K, 24% used [0x6f500000,0x6f8df3d8,0x70500000)
Event: 12.201 GC heap after
Heap after GC invocations=7 (full 0):
 PSYoungGen      total 72448K, used 9976K [0x9df80000, 0xa7800000, 0xb3500000)
  eden space 62464K, 0% used [0x9df80000,0x9df80000,0xa1c80000)
  from space 9984K, 99% used [0xa1c80000,0xa263e328,0xa2640000)
  to   space 15616K, 0% used [0xa68c0000,0xa68c0000,0xa7800000)
 ParOldGen       total 41728K, used 19917K [0x73500000, 0x75dc0000, 0x9df80000)
  object space 41728K, 47% used [0x73500000,0x74873548,0x75dc0000)
 PSPermGen       total 16384K, used 3964K [0x6f500000, 0x70500000, 0x73500000)
  object space 16384K, 24% used [0x6f500000,0x6f8df3d8,0x70500000)
}
Event: 14.812 GC heap before
{Heap before GC invocations=8 (full 0):
 PSYoungGen      total 72448K, used 72440K [0x9df80000, 0xa7800000, 0xb3500000)
  eden space 62464K, 100% used [0x9df80000,0xa1c80000,0xa1c80000)
  from space 9984K, 99% used [0xa1c80000,0xa263e328,0xa2640000)
  to   space 15616K, 0% used [0xa68c0000,0xa68c0000,0xa7800000)
 ParOldGen       total 41728K, used 19917K [0x73500000, 0x75dc0000, 0x9df80000)
  object space 41728K, 47% used [0x73500000,0x74873548,0x75dc0000)
 PSPermGen       total 16384K, used 3979K [0x6f500000, 0x70500000, 0x73500000)
  object space 16384K, 24% used [0x6f500000,0x6f8e2c98,0x70500000)
Event: 14.993 GC heap after
Heap after GC invocations=8 (full 0):
 PSYoungGen      total 135936K, used 15602K [0x9df80000, 0xa8100000, 0xb3500000)
  eden space 120320K, 0% used [0x9df80000,0x9df80000,0xa5500000)
  from space 15616K, 99% used [0xa68c0000,0xa77fcb80,0xa7800000)
  to   space 20224K, 0% used [0xa5500000,0xa5500000,0xa68c0000)
 ParOldGen       total 41728K, used 24239K [0x73500000, 0x75dc0000, 0x9df80000)
  object space 41728K, 58% used [0x73500000,0x74cabe88,0x75dc0000)
 PSPermGen       total 16384K, used 3979K [0x6f500000, 0x70500000, 0x73500000)
  object space 16384K, 24% used [0x6f500000,0x6f8e2c98,0x70500000)
}
Event: 19.644 GC heap before
{Heap before GC invocations=9 (full 0):
 PSYoungGen      total 135936K, used 135922K [0x9df80000, 0xa8100000, 0xb3500000)
  eden space 120320K, 100% used [0x9df80000,0xa5500000,0xa5500000)
  from space 15616K, 99% used [0xa68c0000,0xa77fcb80,0xa7800000)
  to   space 20224K, 0% used [0xa5500000,0xa5500000,0xa68c0000)
 ParOldGen       total 41728K, used 24239K [0x73500000, 0x75dc0000, 0x9df80000)
  object space 41728K, 58% used [0x73500000,0x74cabe88,0x75dc0000)
 PSPermGen       total 16384K, used 4023K [0x6f500000, 0x70500000, 0x73500000)
  object space 16384K, 24% used [0x6f500000,0x6f8edfb0,0x70500000)

Deoptimization events (10 events):
Event: 5.959 Thread 0x6b62a000 Uncommon trap: reason=class_check action=maybe_recompile pc=0xb3674b64 method=java.util.HashMap.put(Ljava/lang/Object;Ljava/lang/Object;)Ljava/lang/Object; @ 83
Event: 5.959 Thread 0x6b62a000 Uncommon trap: reason=class_check action=maybe_recompile pc=0xb3674b64 method=java.util.HashMap.put(Ljava/lang/Object;Ljava/lang/Object;)Ljava/lang/Object; @ 83
Event: 5.959 Thread 0x6b62a000 Uncommon trap: reason=class_check action=maybe_recompile pc=0xb3674b64 method=java.util.HashMap.put(Ljava/lang/Object;Ljava/lang/Object;)Ljava/lang/Object; @ 83
Event: 6.312 Thread 0x6b623400 Uncommon trap: reason=unstable_if action=reinterpret pc=0xb36873c8 method=com.android.dx.ssa.SsaRenamer$BlockRenamer.process()V @ 90
Event: 10.881 Thread 0x6b628000 Uncommon trap: reason=unstable_if action=reinterpret pc=0xb369d300 method=com.android.dx.ssa.SCCP.simulateBranch(Lcom/android/dx/ssa/SsaInsn;)V @ 548
Event: 11.007 Thread 0x6b628000 Uncommon trap: reason=bimorphic action=maybe_recompile pc=0xb36b9c88 method=com.android.dx.rop.code.RegisterSpec.withSimpleType()Lcom/android/dx/rop/code/RegisterSpec; @ 21
Event: 12.543 Thread 0x6b628000 Uncommon trap: reason=class_check action=maybe_recompile pc=0xb36e4144 method=com.android.dx.ssa.SCCP.replaceConstants()V @ 127
Event: 12.959 Thread 0x6b628000 Uncommon trap: reason=null_check action=make_not_entrant pc=0xb36fa664 method=com.android.dx.cf.code.Ropper$CatchInfo.getSetup(Lcom/android/dx/rop/type/Type;)Lcom/android/dx/cf/code/Ropper$ExceptionHandlerSetup; @ 10
Event: 15.000 Thread 0xb6607800 Uncommon trap: reason=unstable_if action=reinterpret pc=0xb36ad4f0 method=com.android.dx.ssa.Dominators.run()V @ 346
Event: 19.438 Thread 0x6b629000 Uncommon trap: reason=unstable_if action=reinterpret pc=0xb3737d98 method=com.android.dx.cf.code.BytecodeArray.parseInstruction(ILcom/android/dx/cf/code/BytecodeArray$Visitor;)I @ 1261

Internal exceptions (10 events):
Event: 2.161 Thread 0xb6607800 Threw 0x9e822170 at /HUDSON/workspace/7u-2-build-linux-i586/jdk7u80/2329/hotspot/src/share/vm/prims/jvm.cpp:1319
Event: 2.162 Thread 0xb6607800 Threw 0x9e824308 at /HUDSON/workspace/7u-2-build-linux-i586/jdk7u80/2329/hotspot/src/share/vm/prims/jvm.cpp:1319
Event: 2.346 Thread 0x6b629000 Threw 0x9eb3e6c8 at /HUDSON/workspace/7u-2-build-linux-i586/jdk7u80/2329/hotspot/src/share/vm/prims/jvm.cpp:1319
Event: 2.650 Thread 0x6b628000 Threw 0x9eeb7df0 at /HUDSON/workspace/7u-2-build-linux-i586/jdk7u80/2329/hotspot/src/share/vm/prims/jvm.cpp:1319
Event: 3.987 Thread 0xb6607800 Implicit null exception at 0xb3663f22 to 0xb36644ad
Event: 5.654 Thread 0xb6607800 Threw 0x9e3a5128 at /HUDSON/workspace/7u-2-build-linux-i586/jdk7u80/2329/hotspot/src/share/vm/prims/jvm.cpp:1319
Event: 5.802 Thread 0xb6607800 Threw 0x9e49eeb8 at /HUDSON/workspace/7u-2-build-linux-i586/jdk7u80/2329/hotspot/src/share/vm/prims/jvm.cpp:1319
Event: 6.937 Thread 0xb6607800 Threw 0x9f475a88 at /HUDSON/workspace/7u-2-build-linux-i586/jdk7u80/2329/hotspot/src/share/vm/prims/jvm.cpp:1319
Event: 11.849 Thread 0xb6607800 Threw 0xa16a3c20 at /HUDSON/workspace/7u-2-build-linux-i586/jdk7u80/2329/hotspot/src/share/vm/prims/jvm.cpp:1319
Event: 12.959 Thread 0x6b628000 Implicit null exception at 0xb36f75ac to 0xb36fa641

Events (10 events):
Event: 14.481 Thread 0x6c099000 flushing nmethod 0xb3685548
Event: 14.805 Executing VM operation: ParallelGCFailedAllocation
Event: 14.993 Executing VM operation: ParallelGCFailedAllocation done
Event: 15.000 Thread 0xb6607800 Uncommon trap: trap_request=0xffffff75 fr.pc=0xb36ad4f0
Event: 15.000 Thread 0xb6607800 DEOPT PACKING pc=0xb36ad4f0 sp=0xb67e2700
Event: 15.000 Thread 0xb6607800 DEOPT UNPACKING pc=0xb3614bc8 sp=0xb67e2744 mode 2
Event: 19.438 Thread 0x6b629000 Uncommon trap: trap_request=0xffffff75 fr.pc=0xb3737d98
Event: 19.438 Thread 0x6b629000 DEOPT PACKING pc=0xb3737d98 sp=0x6b7adba0
Event: 19.438 Thread 0x6b629000 DEOPT UNPACKING pc=0xb3614bc8 sp=0x6b7adbb8 mode 2
Event: 19.617 Executing VM operation: ParallelGCFailedAllocation


Dynamic libraries:
08048000-08049000 r-xp 00000000 08:06 1062523    /usr/lib/jvm/java-7-oracle/bin/java
08049000-0804a000 rw-p 00000000 08:06 1062523    /usr/lib/jvm/java-7-oracle/bin/java
09809000-0982a000 rw-p 00000000 00:00 0          [heap]
69200000-6926c000 rw-p 00000000 00:00 0 
6926c000-69300000 ---p 00000000 00:00 0 
69600000-69663000 rw-p 00000000 00:00 0 
69663000-69700000 ---p 00000000 00:00 0 
69700000-697f8000 rw-p 00000000 00:00 0 
697f8000-69800000 ---p 00000000 00:00 0 
69800000-69a00000 rw-p 00000000 00:00 0 
69a00000-69bf8000 rw-p 00000000 00:00 0 
69bf8000-69c00000 ---p 00000000 00:00 0 
69c00000-69cfb000 rw-p 00000000 00:00 0 
69cfb000-69d00000 ---p 00000000 00:00 0 
69d00000-69da1000 rw-p 00000000 00:00 0 
69da1000-69e00000 ---p 00000000 00:00 0 
69e00000-69ef9000 rw-p 00000000 00:00 0 
69ef9000-69f00000 ---p 00000000 00:00 0 
69f00000-69ff2000 rw-p 00000000 00:00 0 
69ff2000-6a000000 ---p 00000000 00:00 0 
6a000000-6a0fa000 rw-p 00000000 00:00 0 
6a0fa000-6a100000 ---p 00000000 00:00 0 
6a200000-6a2d1000 rw-p 00000000 00:00 0 
6a2d1000-6a300000 ---p 00000000 00:00 0 
6a400000-6a4fe000 rw-p 00000000 00:00 0 
6a4fe000-6a500000 ---p 00000000 00:00 0 
6a500000-6a5f6000 rw-p 00000000 00:00 0 
6a5f6000-6a600000 ---p 00000000 00:00 0 
6a600000-6a700000 rw-p 00000000 00:00 0 
6a700000-6a800000 rw-p 00000000 00:00 0 
6a800000-6a8f3000 rw-p 00000000 00:00 0 
6a8f3000-6a900000 ---p 00000000 00:00 0 
6a900000-6a9fc000 rw-p 00000000 00:00 0 
6a9fc000-6aa00000 ---p 00000000 00:00 0 
6aa00000-6aaf9000 rw-p 00000000 00:00 0 
6aaf9000-6ab00000 ---p 00000000 00:00 0 
6ac00000-6acfd000 rw-p 00000000 00:00 0 
6acfd000-6ad00000 ---p 00000000 00:00 0 
6ae00000-6aefc000 rw-p 00000000 00:00 0 
6aefc000-6af00000 ---p 00000000 00:00 0 
6af00000-6aff9000 rw-p 00000000 00:00 0 
6aff9000-6b000000 ---p 00000000 00:00 0 
6b000000-6b0fd000 rw-p 00000000 00:00 0 
6b0fd000-6b100000 ---p 00000000 00:00 0 
6b100000-6b1f5000 rw-p 00000000 00:00 0 
6b1f5000-6b200000 ---p 00000000 00:00 0 
6b200000-6b2fa000 rw-p 00000000 00:00 0 
6b2fa000-6b300000 ---p 00000000 00:00 0 
6b304000-6b400000 rw-p 00000000 00:00 0 
6b400000-6b4ff000 rw-p 00000000 00:00 0 
6b4ff000-6b500000 ---p 00000000 00:00 0 
6b500000-6b5fd000 rw-p 00000000 00:00 0 
6b5fd000-6b600000 ---p 00000000 00:00 0 
6b600000-6b65c000 rw-p 00000000 00:00 0 
6b65c000-6b700000 ---p 00000000 00:00 0 
6b70d000-6b710000 ---p 00000000 00:00 0 
6b710000-6b75e000 rw-p 00000000 00:00 0          [stack:11372]
6b75e000-6b761000 ---p 00000000 00:00 0 
6b761000-6b7af000 rw-p 00000000 00:00 0          [stack:11371]
6b7af000-6b7b2000 ---p 00000000 00:00 0 
6b7b2000-6b800000 rw-p 00000000 00:00 0          [stack:11370]
6b800000-6b8fd000 rw-p 00000000 00:00 0 
6b8fd000-6b900000 ---p 00000000 00:00 0 
6b90b000-6b90e000 ---p 00000000 00:00 0 
6b90e000-6b95c000 rw-p 00000000 00:00 0          [stack:11369]
6b95c000-6b95f000 ---p 00000000 00:00 0 
6b95f000-6b9ad000 rw-p 00000000 00:00 0          [stack:11368]
6b9ad000-6b9ae000 ---p 00000000 00:00 0 
6b9ae000-6ba2e000 rw-p 00000000 00:00 0          [stack:11367]
6ba2e000-6ba31000 ---p 00000000 00:00 0 
6ba31000-6ba7f000 rw-p 00000000 00:00 0          [stack:11366]
6ba7f000-6ba82000 ---p 00000000 00:00 0 
6ba82000-6bb00000 rw-p 00000000 00:00 0          [stack:11365]
6bb00000-6bd00000 r--p 00000000 08:06 1055544    /usr/lib/locale/locale-archive
6bd00000-6bd21000 rw-p 00000000 00:00 0 
6bd21000-6be00000 ---p 00000000 00:00 0 
6be2e000-6be31000 ---p 00000000 00:00 0 
6be31000-6beaf000 rw-p 00000000 00:00 0          [stack:11364]
6beaf000-6beb2000 ---p 00000000 00:00 0 
6beb2000-6bf00000 rw-p 00000000 00:00 0          [stack:11363]
6bf00000-6bff8000 rw-p 00000000 00:00 0 
6bff8000-6c000000 ---p 00000000 00:00 0 
6c000000-6c0ff000 rw-p 00000000 00:00 0 
6c0ff000-6c100000 ---p 00000000 00:00 0 
6c12e000-6c131000 ---p 00000000 00:00 0 
6c131000-6c17f000 rw-p 00000000 00:00 0          [stack:11362]
6c17f000-6c180000 ---p 00000000 00:00 0 
6c180000-6c200000 rw-p 00000000 00:00 0          [stack:11360]
6c200000-6c3c0000 r--s 039fb000 08:06 1063215    /usr/lib/jvm/java-7-oracle/jre/lib/rt.jar
6c3c0000-6ea00000 rw-p 00000000 00:00 0 
6ea00000-6eaff000 rw-p 00000000 00:00 0 
6eaff000-6eb00000 ---p 00000000 00:00 0 
6eb2e000-6eb31000 ---p 00000000 00:00 0 
6eb31000-6eb7f000 rw-p 00000000 00:00 0          [stack:11361]
6eb7f000-6eb80000 ---p 00000000 00:00 0 
6eb80000-6ec00000 rw-p 00000000 00:00 0          [stack:11359]
6ec00000-6ec21000 rw-p 00000000 00:00 0 
6ec21000-6ed00000 ---p 00000000 00:00 0 
6ed08000-6ed1d000 r-xp 00000000 08:06 1063179    /usr/lib/jvm/java-7-oracle/jre/lib/i386/libnet.so
6ed1d000-6ed1e000 rw-p 00015000 08:06 1063179    /usr/lib/jvm/java-7-oracle/jre/lib/i386/libnet.so
6ed1e000-6ed34000 r--s 000f0000 08:06 5910723    /home/trongkhanhhd/AndroidStudioProjects/MobilePOS/app/build/intermediates/exploded-aar/com.android.support/support-v4/23.2.1/jars/classes.jar
6ed34000-6ed7f000 rw-p 00000000 00:00 0 
6ed7f000-6ed80000 ---p 00000000 00:00 0 
6ed80000-6ee00000 rw-p 00000000 00:00 0          [stack:11358]
6ee00000-6ee21000 rw-p 00000000 00:00 0 
6ee21000-6ef00000 ---p 00000000 00:00 0 
6ef0a000-6ef7f000 rw-p 00000000 00:00 0 
6ef7f000-6ef80000 ---p 00000000 00:00 0 
6ef80000-6f000000 rw-p 00000000 00:00 0          [stack:11357]
6f000000-6f03a000 rw-p 00000000 00:00 0 
6f03a000-6f100000 ---p 00000000 00:00 0 
6f108000-6f109000 ---p 00000000 00:00 0 
6f109000-6f19e000 rw-p 00000000 00:00 0          [stack:11355]
6f19e000-6f2df000 rw-p 00000000 00:00 0 
6f2df000-6f2e7000 rw-p 00000000 00:00 0 
6f2e7000-6f2ff000 rw-p 00000000 00:00 0 
6f2ff000-6f314000 rw-p 00000000 00:00 0 
6f314000-6f454000 rw-p 00000000 00:00 0 
6f454000-6f4a5000 rw-p 00000000 00:00 0 
6f4a5000-6f4ff000 rw-p 00000000 00:00 0 
6f4ff000-70500000 rw-p 00000000 00:00 0 
70500000-73500000 rw-p 00000000 00:00 0 
73500000-75dc0000 rw-p 00000000 00:00 0 
75dc0000-9df80000 rw-p 00000000 00:00 0 
9df80000-a8100000 rw-p 00000000 00:00 0 
ad30d000-ad480000 rw-p 00000000 00:00 0 
ad480000-b3500000 rw-p 00000000 00:00 0 
b3508000-b3510000 rw-p 00000000 00:00 0 
b3510000-b3528000 rw-p 00000000 00:00 0 
b3528000-b3531000 rw-p 00000000 00:00 0 
b3531000-b35e8000 rw-p 00000000 00:00 0 
b35e8000-b3828000 rwxp 00000000 00:00 0 
b3828000-b65e8000 rw-p 00000000 00:00 0 
b65e8000-b65ff000 r-xp 00000000 08:06 1063211    /usr/lib/jvm/java-7-oracle/jre/lib/i386/libzip.so
b65ff000-b6600000 rw-p 00016000 08:06 1063211    /usr/lib/jvm/java-7-oracle/jre/lib/i386/libzip.so
b6600000-b66f6000 rw-p 00000000 00:00 0 
b66f6000-b6700000 ---p 00000000 00:00 0 
b6705000-b6713000 r-xp 00000000 08:06 1063183    /usr/lib/jvm/java-7-oracle/jre/lib/i386/libnio.so
b6713000-b6714000 rw-p 0000e000 08:06 1063183    /usr/lib/jvm/java-7-oracle/jre/lib/i386/libnio.so
b6714000-b671f000 r-xp 00000000 08:06 659686     /lib/i386-linux-gnu/libnss_files-2.15.so
b671f000-b6720000 r--p 0000a000 08:06 659686     /lib/i386-linux-gnu/libnss_files-2.15.so
b6720000-b6721000 rw-p 0000b000 08:06 659686     /lib/i386-linux-gnu/libnss_files-2.15.so
b6721000-b672b000 r-xp 00000000 08:06 656439     /lib/i386-linux-gnu/libnss_nis-2.15.so
b672b000-b672c000 r--p 00009000 08:06 656439     /lib/i386-linux-gnu/libnss_nis-2.15.so
b672c000-b672d000 rw-p 0000a000 08:06 656439     /lib/i386-linux-gnu/libnss_nis-2.15.so
b672d000-b6743000 r-xp 00000000 08:06 659696     /lib/i386-linux-gnu/libnsl-2.15.so
b6743000-b6744000 r--p 00015000 08:06 659696     /lib/i386-linux-gnu/libnsl-2.15.so
b6744000-b6745000 rw-p 00016000 08:06 659696     /lib/i386-linux-gnu/libnsl-2.15.so
b6745000-b6747000 rw-p 00000000 00:00 0 
b6747000-b674e000 r-xp 00000000 08:06 659700     /lib/i386-linux-gnu/libnss_compat-2.15.so
b674e000-b674f000 r--p 00006000 08:06 659700     /lib/i386-linux-gnu/libnss_compat-2.15.so
b674f000-b6750000 rw-p 00007000 08:06 659700     /lib/i386-linux-gnu/libnss_compat-2.15.so
b6754000-b6756000 rw-p 00000000 00:00 0 
b6756000-b6765000 r--s 000df000 08:06 5643078    /home/trongkhanhhd/Android/Sdk/build-tools/23.0.3/lib/dx.jar
b6765000-b6766000 r--p 005e0000 08:06 1055544    /usr/lib/locale/locale-archive
b6766000-b6789000 r-xp 00000000 08:06 1063169    /usr/lib/jvm/java-7-oracle/jre/lib/i386/libjava.so
b6789000-b678a000 rw-p 00023000 08:06 1063169    /usr/lib/jvm/java-7-oracle/jre/lib/i386/libjava.so
b678a000-b6791000 r-xp 00000000 08:06 659688     /lib/i386-linux-gnu/librt-2.15.so
b6791000-b6792000 r--p 00006000 08:06 659688     /lib/i386-linux-gnu/librt-2.15.so
b6792000-b6793000 rw-p 00007000 08:06 659688     /lib/i386-linux-gnu/librt-2.15.so
b6793000-b6796000 ---p 00000000 00:00 0 
b6796000-b67e4000 rw-p 00000000 00:00 0          [stack:11353]
b67e4000-b680e000 r-xp 00000000 08:06 659697     /lib/i386-linux-gnu/libm-2.15.so
b680e000-b680f000 r--p 00029000 08:06 659697     /lib/i386-linux-gnu/libm-2.15.so
b680f000-b6810000 rw-p 0002a000 08:06 659697     /lib/i386-linux-gnu/libm-2.15.so
b6810000-b7097000 r-xp 00000000 08:06 1063173    /usr/lib/jvm/java-7-oracle/jre/lib/i386/server/libjvm.so
b7097000-b70fb000 rw-p 00886000 08:06 1063173    /usr/lib/jvm/java-7-oracle/jre/lib/i386/server/libjvm.so
b70fb000-b751f000 rw-p 00000000 00:00 0 
b751f000-b76c2000 r-xp 00000000 08:06 659701     /lib/i386-linux-gnu/libc-2.15.so
b76c2000-b76c4000 r--p 001a3000 08:06 659701     /lib/i386-linux-gnu/libc-2.15.so
b76c4000-b76c5000 rw-p 001a5000 08:06 659701     /lib/i386-linux-gnu/libc-2.15.so
b76c5000-b76c8000 rw-p 00000000 00:00 0 
b76c8000-b76cb000 r-xp 00000000 08:06 659699     /lib/i386-linux-gnu/libdl-2.15.so
b76cb000-b76cc000 r--p 00002000 08:06 659699     /lib/i386-linux-gnu/libdl-2.15.so
b76cc000-b76cd000 rw-p 00003000 08:06 659699     /lib/i386-linux-gnu/libdl-2.15.so
b76cd000-b76ce000 rw-p 00000000 00:00 0 
b76ce000-b76e2000 r-xp 00000000 08:06 1058573    /usr/lib/jvm/java-7-oracle/lib/i386/jli/libjli.so
b76e2000-b76e3000 rw-p 00013000 08:06 1058573    /usr/lib/jvm/java-7-oracle/lib/i386/jli/libjli.so
b76e3000-b76fa000 r-xp 00000000 08:06 659684     /lib/i386-linux-gnu/libpthread-2.15.so
b76fa000-b76fb000 r--p 00016000 08:06 659684     /lib/i386-linux-gnu/libpthread-2.15.so
b76fb000-b76fc000 rw-p 00017000 08:06 659684     /lib/i386-linux-gnu/libpthread-2.15.so
b76fc000-b76fe000 rw-p 00000000 00:00 0 
b76fe000-b7706000 rw-s 00000000 08:06 6298772    /tmp/hsperfdata_trongkhanhhd/11351
b7706000-b7707000 rw-p 00000000 00:00 0 
b7707000-b7708000 ---p 00000000 00:00 0 
b7708000-b7713000 r-xp 00000000 08:06 1063195    /usr/lib/jvm/java-7-oracle/jre/lib/i386/libverify.so
b7713000-b7714000 rw-p 0000b000 08:06 1063195    /usr/lib/jvm/java-7-oracle/jre/lib/i386/libverify.so
b7714000-b7716000 rw-p 00000000 00:00 0 
b7716000-b7717000 r-xp 00000000 00:00 0          [vdso]
b7717000-b7737000 r-xp 00000000 08:06 659689     /lib/i386-linux-gnu/ld-2.15.so
b7737000-b7738000 r--p 0001f000 08:06 659689     /lib/i386-linux-gnu/ld-2.15.so
b7738000-b7739000 rw-p 00020000 08:06 659689     /lib/i386-linux-gnu/ld-2.15.so
bfec9000-bfeca000 rwxp 00000000 00:00 0 
bfefc000-bff1d000 rw-p 00000000 00:00 0          [stack]

VM Arguments:
jvm_args: -Djava.awt.headless=true -Xmx1024M -Dfile.encoding=UTF-8 -Duser.country=US -Duser.language=en -Duser.variant 
java_command: com.android.dx.command.Main --dex --num-threads=4 --output /home/trongkhanhhd/AndroidStudioProjects/MobilePOS/app/build/intermediates/pre-dexed/debug/com.android.support-support-v4-23.2.1_1412d7aad7683ab96c123c74a6f41aa0103cb3bf.jar /home/trongkhanhhd/AndroidStudioProjects/MobilePOS/app/build/intermediates/exploded-aar/com.android.support/support-v4/23.2.1/jars/classes.jar
Launcher Type: SUN_STANDARD

Environment Variables:
PATH=/usr/lib/lightdm/lightdm:/usr/local/sbin:/usr/local/bin:/usr/sbin:/usr/bin:/sbin:/bin:/usr/games
LD_LIBRARY_PATH=/home/trongkhanhhd/Desktop/AndroidStudio/android-studio/bin:
SHELL=/bin/bash
DISPLAY=:0.0

Signal Handlers:
SIGSEGV: [libjvm.so+0x7eb160], sa_mask[0]=0x7ffbfeff, sa_flags=0x10000004
SIGBUS: [libjvm.so+0x7eb160], sa_mask[0]=0x7ffbfeff, sa_flags=0x10000004
SIGFPE: [libjvm.so+0x684ac0], sa_mask[0]=0x7ffbfeff, sa_flags=0x10000004
SIGPIPE: [libjvm.so+0x684ac0], sa_mask[0]=0x7ffbfeff, sa_flags=0x10000004
SIGXFSZ: [libjvm.so+0x684ac0], sa_mask[0]=0x7ffbfeff, sa_flags=0x10000004
SIGILL: [libjvm.so+0x684ac0], sa_mask[0]=0x7ffbfeff, sa_flags=0x10000004
SIGUSR1: SIG_DFL, sa_mask[0]=0x00000000, sa_flags=0x00000000
SIGUSR2: [libjvm.so+0x686330], sa_mask[0]=0x00000004, sa_flags=0x10000004
SIGHUP: [libjvm.so+0x687660], sa_mask[0]=0x7ffbfeff, sa_flags=0x10000004
SIGINT: [libjvm.so+0x687660], sa_mask[0]=0x7ffbfeff, sa_flags=0x10000004
SIGTERM: [libjvm.so+0x687660], sa_mask[0]=0x7ffbfeff, sa_flags=0x10000004
SIGQUIT: [libjvm.so+0x687660], sa_mask[0]=0x7ffbfeff, sa_flags=0x10000004


---------------  S Y S T E M  ---------------

OS:wheezy/sid

uname:Linux 3.13.0-32-generic #57~precise1-Ubuntu SMP Tue Jul 15 03:50:54 UTC 2014 i686
libc:glibc 2.15 NPTL 2.15 
rlimit: STACK 8192k, CORE 0k, NPROC 31084, NOFILE 4096, AS infinity
load average:10.47 4.61 3.36

/proc/meminfo:
MemTotal:        3997764 kB
MemFree:          227084 kB
Buffers:             264 kB
Cached:           399100 kB
SwapCached:            0 kB
Active:          3261312 kB
Inactive:         392012 kB
Active(anon):    3259428 kB
Inactive(anon):   367452 kB
Active(file):       1884 kB
Inactive(file):    24560 kB
Unevictable:         152 kB
Mlocked:             152 kB
HighTotal:       3145204 kB
HighFree:          54692 kB
LowTotal:         852560 kB
LowFree:          172392 kB
SwapTotal:             0 kB
SwapFree:              0 kB
Dirty:                32 kB
Writeback:             0 kB
AnonPages:       3254572 kB
Mapped:           174600 kB
Shmem:            372460 kB
Slab:              47260 kB
SReclaimable:      21540 kB
SUnreclaim:        25720 kB
KernelStack:        6088 kB
PageTables:        21340 kB
NFS_Unstable:          0 kB
Bounce:              392 kB
WritebackTmp:          0 kB
CommitLimit:     1998880 kB
Committed_AS:    9558064 kB
VmallocTotal:     122880 kB
VmallocUsed:       17404 kB
VmallocChunk:      98240 kB
HardwareCorrupted:     0 kB
AnonHugePages:   1032192 kB
HugePages_Total:       0
HugePages_Free:        0
HugePages_Rsvd:        0
HugePages_Surp:        0
Hugepagesize:       2048 kB
DirectMap4k:       18424 kB
DirectMap2M:      892928 kB


CPU:total 4 (2 cores per cpu, 2 threads per core) family 6 model 58 stepping 9, cmov, cx8, fxsr, mmx, sse, sse2, sse3, ssse3, sse4.1, sse4.2, popcnt, avx, aes, erms, ht, tsc, tscinvbit, tscinv

/proc/cpuinfo:
processor	: 0
vendor_id	: GenuineIntel
cpu family	: 6
model		: 58
model name	: Intel(R) Core(TM) i5-3230M CPU @ 2.60GHz
stepping	: 9
microcode	: 0x15
cpu MHz		: 2601.000
cache size	: 3072 KB
physical id	: 0
siblings	: 4
core id		: 0
cpu cores	: 2
apicid		: 0
initial apicid	: 0
fdiv_bug	: no
f00f_bug	: no
coma_bug	: no
fpu		: yes
fpu_exception	: yes
cpuid level	: 13
wp		: yes
flags		: fpu vme de pse tsc msr pae mce cx8 apic sep mtrr pge mca cmov pat pse36 clflush dts acpi mmx fxsr sse sse2 ss ht tm pbe nx rdtscp lm constant_tsc arch_perfmon pebs bts xtopology nonstop_tsc aperfmperf eagerfpu pni pclmulqdq dtes64 monitor ds_cpl vmx est tm2 ssse3 cx16 xtpr pdcm pcid sse4_1 sse4_2 x2apic popcnt tsc_deadline_timer aes xsave avx f16c rdrand lahf_lm ida arat epb xsaveopt pln pts dtherm tpr_shadow vnmi flexpriority ept vpid fsgsbase smep erms
bogomips	: 5188.31
clflush size	: 64
cache_alignment	: 64
address sizes	: 36 bits physical, 48 bits virtual
power management:

processor	: 1
vendor_id	: GenuineIntel
cpu family	: 6
model		: 58
model name	: Intel(R) Core(TM) i5-3230M CPU @ 2.60GHz
stepping	: 9
microcode	: 0x15
cpu MHz		: 2601.000
cache size	: 3072 KB
physical id	: 0
siblings	: 4
core id		: 1
cpu cores	: 2
apicid		: 2
initial apicid	: 2
fdiv_bug	: no
f00f_bug	: no
coma_bug	: no
fpu		: yes
fpu_exception	: yes
cpuid level	: 13
wp		: yes
flags		: fpu vme de pse tsc msr pae mce cx8 apic sep mtrr pge mca cmov pat pse36 clflush dts acpi mmx fxsr sse sse2 ss ht tm pbe nx rdtscp lm constant_tsc arch_perfmon pebs bts xtopology nonstop_tsc aperfmperf eagerfpu pni pclmulqdq dtes64 monitor ds_cpl vmx est tm2 ssse3 cx16 xtpr pdcm pcid sse4_1 sse4_2 x2apic popcnt tsc_deadline_timer aes xsave avx f16c rdrand lahf_lm ida arat epb xsaveopt pln pts dtherm tpr_shadow vnmi flexpriority ept vpid fsgsbase smep erms
bogomips	: 5188.31
clflush size	: 64
cache_alignment	: 64
address sizes	: 36 bits physical, 48 bits virtual
power management:

processor	: 2
vendor_id	: GenuineIntel
cpu family	: 6
model		: 58
model name	: Intel(R) Core(TM) i5-3230M CPU @ 2.60GHz
stepping	: 9
microcode	: 0x15
cpu MHz		: 2601.000
cache size	: 3072 KB
physical id	: 0
siblings	: 4
core id		: 0
cpu cores	: 2
apicid		: 1
initial apicid	: 1
fdiv_bug	: no
f00f_bug	: no
coma_bug	: no
fpu		: yes
fpu_exception	: yes
cpuid level	: 13
wp		: yes
flags		: fpu vme de pse tsc msr pae mce cx8 apic sep mtrr pge mca cmov pat pse36 clflush dts acpi mmx fxsr sse sse2 ss ht tm pbe nx rdtscp lm constant_tsc arch_perfmon pebs bts xtopology nonstop_tsc aperfmperf eagerfpu pni pclmulqdq dtes64 monitor ds_cpl vmx est tm2 ssse3 cx16 xtpr pdcm pcid sse4_1 sse4_2 x2apic popcnt tsc_deadline_timer aes xsave avx f16c rdrand lahf_lm ida arat epb xsaveopt pln pts dtherm tpr_shadow vnmi flexpriority ept vpid fsgsbase smep erms
bogomips	: 5188.31
clflush size	: 64
cache_alignment	: 64
address sizes	: 36 bits physical, 48 bits virtual
power management:

processor	: 3
vendor_id	: GenuineIntel
cpu family	: 6
model		: 58
model name	: Intel(R) Core(TM) i5-3230M CPU @ 2.60GHz
stepping	: 9
microcode	: 0x15
cpu MHz		: 2601.000
cache size	: 3072 KB
physical id	: 0
siblings	: 4
core id		: 1
cpu cores	: 2
apicid		: 3
initial apicid	: 3
fdiv_bug	: no
f00f_bug	: no
coma_bug	: no
fpu		: yes
fpu_exception	: yes
cpuid level	: 13
wp		: yes
flags		: fpu vme de pse tsc msr pae mce cx8 apic sep mtrr pge mca cmov pat pse36 clflush dts acpi mmx fxsr sse sse2 ss ht tm pbe nx rdtscp lm constant_tsc arch_perfmon pebs bts xtopology nonstop_tsc aperfmperf eagerfpu pni pclmulqdq dtes64 monitor ds_cpl vmx est tm2 ssse3 cx16 xtpr pdcm pcid sse4_1 sse4_2 x2apic popcnt tsc_deadline_timer aes xsave avx f16c rdrand lahf_lm ida arat epb xsaveopt pln pts dtherm tpr_shadow vnmi flexpriority ept vpid fsgsbase smep erms
bogomips	: 5188.31
clflush size	: 64
cache_alignment	: 64
address sizes	: 36 bits physical, 48 bits virtual
power management:



Memory: 4k page, physical 3997764k(227084k free), swap 0k(0k free)

vm_info: Java HotSpot(TM) Server VM (24.80-b11) for linux-x86 JRE (1.7.0_80-b15), built on Apr 10 2015 12:29:10 by "java_re" with gcc 4.3.0 20080428 (Red Hat 4.3.0-8)

time: Thu Apr  7 23:43:22 2016
elapsed time: 29 seconds

