#
# There is insufficient memory for the Java Runtime Environment to continue.
# Native memory allocation (malloc) failed to allocate 84934656 bytes for committing reserved memory.
# Possible reasons:
#   The system is out of physical RAM or swap space
#   In 32 bit mode, the process size limit was hit
# Possible solutions:
#   Reduce memory load on the system
#   Increase physical memory or swap space
#   Check if swap backing store is full
#   Use 64 bit Java on a 64 bit OS
#   Decrease Java heap size (-Xmx/-Xms)
#   Decrease number of Java threads
#   Decrease Java thread stack sizes (-Xss)
#   Set larger code cache with -XX:ReservedCodeCacheSize=
# This output file may be truncated or incomplete.
#
#  Out of Memory Error (os_linux.cpp:2756), pid=11377, tid=1815083840
#
# JRE version: Java(TM) SE Runtime Environment (7.0_80-b15) (build 1.7.0_80-b15)
# Java VM: Java HotSpot(TM) Server VM (24.80-b11 mixed mode linux-x86 )
# Failed to write core dump. Core dumps have been disabled. To enable core dumping, try "ulimit -c unlimited" before starting Java again
#

---------------  T H R E A D  ---------------

Current thread (0x6c180800):  VMThread [stack: 0x6c27f000,0x6c300000] [id=11386]

Stack: [0x6c27f000,0x6c300000],  sp=0x6c2fe830,  free space=510k
Native frames: (J=compiled Java code, j=interpreted, Vv=VM code, C=native code)
V  [libjvm.so+0x7ea656]  VMError::report_and_die()+0x1a6
V  [libjvm.so+0x33eb82]  report_vm_out_of_memory(char const*, int, unsigned int, char const*)+0x72
V  [libjvm.so+0x687fb1]  os::Linux::commit_memory_impl(char*, unsigned int, bool)+0xe1
V  [libjvm.so+0x688478]  os::pd_commit_memory(char*, unsigned int, unsigned int, bool)+0x28
V  [libjvm.so+0x681b2c]  os::commit_memory(char*, unsigned int, unsigned int, bool)+0x2c
V  [libjvm.so+0x6ea8d8]  PSVirtualSpace::expand_by(unsigned int)+0x48
V  [libjvm.so+0x6eb9da]  PSYoungGen::resize_generation(unsigned int, unsigned int)+0xda
V  [libjvm.so+0x6ead19]  PSYoungGen::resize(unsigned int, unsigned int)+0x19
V  [libjvm.so+0x6e8649]  PSScavenge::invoke_no_policy()+0xcf9
V  [libjvm.so+0x6e8ea8]  PSScavenge::invoke()+0x28
V  [libjvm.so+0x6a851a]  ParallelScavengeHeap::failed_mem_allocate(unsigned int)+0x5a
V  [libjvm.so+0x7ebeea]  VM_ParallelGCFailedAllocation::doit()+0x7a
V  [libjvm.so+0x7f4d07]  VM_Operation::evaluate()+0x47
V  [libjvm.so+0x7f2da3]  VMThread::evaluate_operation(VM_Operation*)+0xb3
V  [libjvm.so+0x7f3140]  VMThread::loop()+0x1b0
V  [libjvm.so+0x7f35a5]  VMThread::run()+0x85
V  [libjvm.so+0x68a249]  java_start(Thread*)+0x119
C  [libpthread.so.0+0x6d4c]  start_thread+0xcc

VM_Operation (0x6b80ba68): ParallelGCFailedAllocation, mode: safepoint, requested by thread 0x6b930800


---------------  P R O C E S S  ---------------

Java Threads: ( => current thread )
  0x6b930800 JavaThread "pool-1-thread-4" [_thread_blocked, id=11399, stack(0x6b7bc000,0x6b80d000)]
  0x6b92fc00 JavaThread "pool-1-thread-3" [_thread_blocked, id=11398, stack(0x6b80d000,0x6b85e000)]
  0x6b924c00 JavaThread "pool-1-thread-2" [_thread_blocked, id=11397, stack(0x6b85e000,0x6b8af000)]
  0x6b922000 JavaThread "pool-2-thread-1" [_thread_blocked, id=11396, stack(0x6b8af000,0x6b900000)]
  0x6b91fc00 JavaThread "pool-1-thread-1" [_thread_blocked, id=11395, stack(0x6ba2c000,0x6ba7d000)]
  0x6c19ac00 JavaThread "Service Thread" daemon [_thread_blocked, id=11392, stack(0x6bf0d000,0x6bf5e000)]
  0x6c199000 JavaThread "C2 CompilerThread1" daemon [_thread_blocked, id=11391, stack(0x6bafe000,0x6bb7f000)]
  0x6c197000 JavaThread "C2 CompilerThread0" daemon [_thread_in_native, id=11390, stack(0x6bb7f000,0x6bc00000)]
  0x6c195400 JavaThread "Signal Dispatcher" daemon [_thread_blocked, id=11389, stack(0x6bf5e000,0x6bfaf000)]
  0x6c184c00 JavaThread "Finalizer" daemon [_thread_blocked, id=11388, stack(0x6bfaf000,0x6c000000)]
  0x6c183000 JavaThread "Reference Handler" daemon [_thread_blocked, id=11387, stack(0x6c22e000,0x6c27f000)]
  0xb6707800 JavaThread "main" [_thread_blocked, id=11381, stack(0xb6842000,0xb6893000)]

Other Threads:
=>0x6c180800 VMThread [stack: 0x6c27f000,0x6c300000] [id=11386]
  0x6c19c800 WatcherThread [stack: 0x6ba7d000,0x6bafe000] [id=11393]

VM state:at safepoint (normal execution)

VM Mutex/Monitor currently owned by a thread:  ([mutex/lock_event])
[0xb6705080] Threads_lock - owner thread: 0x6c180800
[0xb6705490] Heap_lock - owner thread: 0x6b930800

Heap
 PSYoungGen      total 66048K, used 2555K [0x9e040000, 0xa2340000, 0xb35c0000)
  eden space 63488K, 0% used [0x9e040000,0x9e040000,0xa1e40000)
  from space 2560K, 99% used [0xa1e40000,0xa20becb8,0xa20c0000)
  to   space 2560K, 0% used [0xa20c0000,0xa20c0000,0xa2340000)
 ParOldGen       total 41728K, used 22392K [0x735c0000, 0x75e80000, 0x9e040000)
  object space 41728K, 53% used [0x735c0000,0x74b9e3e8,0x75e80000)
 PSPermGen       total 16384K, used 3947K [0x6f5c0000, 0x705c0000, 0x735c0000)
  object space 16384K, 24% used [0x6f5c0000,0x6f99aee8,0x705c0000)

Card table byte_map: [0x6f39f000,0x6f5c0000] byte_map_base: 0x6f024200

Polling page: 0xb77b6000

Code Cache  [0xb36ab000, 0xb38eb000, 0xb66ab000)
 total_blobs=400 nmethods=277 adapters=76 free_code_cache=48170Kb largest_free_block=49284160

Compilation events (10 events):
Event: 9.768 Thread 0x6c199000 nmethod 280 0xb3781408 code [0xb3781520, 0xb3781890]
Event: 9.768 Thread 0x6c199000  281             com.android.dx.util.LabeledList::set (45 bytes)
Event: 9.772 Thread 0x6c199000 nmethod 281 0xb3780e48 code [0xb3780f80, 0xb3781184]
Event: 9.772 Thread 0x6c199000  282             com.android.dx.ssa.SsaInsn::<init> (29 bytes)
Event: 9.776 Thread 0x6c199000 nmethod 282 0xb376b788 code [0xb376b880, 0xb376b8f0]
Event: 9.776 Thread 0x6c199000  283             com.android.dx.rop.cst.CstType::compareTo0 (25 bytes)
Event: 9.778 Thread 0x6c199000 nmethod 283 0xb3780a88 code [0xb3780b80, 0xb3780cf0]
Event: 9.778 Thread 0x6c199000  284   !         com.android.dx.ssa.LocalVariableInfo::getStarts0 (18 bytes)
Event: 9.778 Thread 0x6c199000 nmethod 284 0xb377dc48 code [0xb377dd40, 0xb377ddb0]
Event: 9.778 Thread 0x6c199000  285   !         com.android.dx.cf.code.BytecodeArray::parseInstruction (2764 bytes)

GC Heap History (9 events):
Event: 2.301 GC heap before
{Heap before GC invocations=1 (full 0):
 PSYoungGen      total 18432K, used 15872K [0x9e040000, 0x9f4c0000, 0xb35c0000)
  eden space 15872K, 100% used [0x9e040000,0x9efc0000,0x9efc0000)
  from space 2560K, 0% used [0x9f240000,0x9f240000,0x9f4c0000)
  to   space 2560K, 0% used [0x9efc0000,0x9efc0000,0x9f240000)
 ParOldGen       total 41728K, used 0K [0x735c0000, 0x75e80000, 0x9e040000)
  object space 41728K, 0% used [0x735c0000,0x735c0000,0x75e80000)
 PSPermGen       total 16384K, used 3756K [0x6f5c0000, 0x705c0000, 0x735c0000)
  object space 16384K, 22% used [0x6f5c0000,0x6f96b368,0x705c0000)
Event: 2.346 GC heap after
Heap after GC invocations=1 (full 0):
 PSYoungGen      total 18432K, used 2552K [0x9e040000, 0xa0440000, 0xb35c0000)
  eden space 15872K, 0% used [0x9e040000,0x9e040000,0x9efc0000)
  from space 2560K, 99% used [0x9efc0000,0x9f23e1c8,0x9f240000)
  to   space 2560K, 0% used [0xa01c0000,0xa01c0000,0xa0440000)
 ParOldGen       total 41728K, used 1216K [0x735c0000, 0x75e80000, 0x9e040000)
  object space 41728K, 2% used [0x735c0000,0x736f02d8,0x75e80000)
 PSPermGen       total 16384K, used 3756K [0x6f5c0000, 0x705c0000, 0x735c0000)
  object space 16384K, 22% used [0x6f5c0000,0x6f96b368,0x705c0000)
}
Event: 3.373 GC heap before
{Heap before GC invocations=2 (full 0):
 PSYoungGen      total 18432K, used 18424K [0x9e040000, 0xa0440000, 0xb35c0000)
  eden space 15872K, 100% used [0x9e040000,0x9efc0000,0x9efc0000)
  from space 2560K, 99% used [0x9efc0000,0x9f23e1c8,0x9f240000)
  to   space 2560K, 0% used [0xa01c0000,0xa01c0000,0xa0440000)
 ParOldGen       total 41728K, used 1216K [0x735c0000, 0x75e80000, 0x9e040000)
  object space 41728K, 2% used [0x735c0000,0x736f02d8,0x75e80000)
 PSPermGen       total 16384K, used 3855K [0x6f5c0000, 0x705c0000, 0x735c0000)
  object space 16384K, 23% used [0x6f5c0000,0x6f983fb0,0x705c0000)
Event: 3.419 GC heap after
Heap after GC invocations=2 (full 0):
 PSYoungGen      total 34304K, used 2546K [0x9e040000, 0xa0440000, 0xb35c0000)
  eden space 31744K, 0% used [0x9e040000,0x9e040000,0x9ff40000)
  from space 2560K, 99% used [0xa01c0000,0xa043c9e0,0xa0440000)
  to   space 2560K, 0% used [0x9ff40000,0x9ff40000,0xa01c0000)
 ParOldGen       total 41728K, used 3364K [0x735c0000, 0x75e80000, 0x9e040000)
  object space 41728K, 8% used [0x735c0000,0x73909228,0x75e80000)
 PSPermGen       total 16384K, used 3855K [0x6f5c0000, 0x705c0000, 0x735c0000)
  object space 16384K, 23% used [0x6f5c0000,0x6f983fb0,0x705c0000)
}
Event: 6.238 GC heap before
{Heap before GC invocations=3 (full 0):
 PSYoungGen      total 34304K, used 34290K [0x9e040000, 0xa0440000, 0xb35c0000)
  eden space 31744K, 100% used [0x9e040000,0x9ff40000,0x9ff40000)
  from space 2560K, 99% used [0xa01c0000,0xa043c9e0,0xa0440000)
  to   space 2560K, 0% used [0x9ff40000,0x9ff40000,0xa01c0000)
 ParOldGen       total 41728K, used 3364K [0x735c0000, 0x75e80000, 0x9e040000)
  object space 41728K, 8% used [0x735c0000,0x73909228,0x75e80000)
 PSPermGen       total 16384K, used 3909K [0x6f5c0000, 0x705c0000, 0x735c0000)
  object space 16384K, 23% used [0x6f5c0000,0x6f9915e0,0x705c0000)
Event: 6.271 GC heap after
Heap after GC invocations=3 (full 0):
 PSYoungGen      total 34304K, used 2555K [0x9e040000, 0xa2340000, 0xb35c0000)
  eden space 31744K, 0% used [0x9e040000,0x9e040000,0x9ff40000)
  from space 2560K, 99% used [0x9ff40000,0xa01bed90,0xa01c0000)
  to   space 2560K, 0% used [0xa20c0000,0xa20c0000,0xa2340000)
 ParOldGen       total 41728K, used 8781K [0x735c0000, 0x75e80000, 0x9e040000)
  object space 41728K, 21% used [0x735c0000,0x73e53690,0x75e80000)
 PSPermGen       total 16384K, used 3909K [0x6f5c0000, 0x705c0000, 0x735c0000)
  object space 16384K, 23% used [0x6f5c0000,0x6f9915e0,0x705c0000)
}
Event: 7.725 GC heap before
{Heap before GC invocations=4 (full 0):
 PSYoungGen      total 34304K, used 34299K [0x9e040000, 0xa2340000, 0xb35c0000)
  eden space 31744K, 100% used [0x9e040000,0x9ff40000,0x9ff40000)
  from space 2560K, 99% used [0x9ff40000,0xa01bed90,0xa01c0000)
  to   space 2560K, 0% used [0xa20c0000,0xa20c0000,0xa2340000)
 ParOldGen       total 41728K, used 8781K [0x735c0000, 0x75e80000, 0x9e040000)
  object space 41728K, 21% used [0x735c0000,0x73e53690,0x75e80000)
 PSPermGen       total 16384K, used 3923K [0x6f5c0000, 0x705c0000, 0x735c0000)
  object space 16384K, 23% used [0x6f5c0000,0x6f994e18,0x705c0000)
Event: 7.801 GC heap after
Heap after GC invocations=4 (full 0):
 PSYoungGen      total 66048K, used 2556K [0x9e040000, 0xa2340000, 0xb35c0000)
  eden space 63488K, 0% used [0x9e040000,0x9e040000,0xa1e40000)
  from space 2560K, 99% used [0xa20c0000,0xa233f088,0xa2340000)
  to   space 2560K, 0% used [0xa1e40000,0xa1e40000,0xa20c0000)
 ParOldGen       total 41728K, used 13528K [0x735c0000, 0x75e80000, 0x9e040000)
  object space 41728K, 32% used [0x735c0000,0x742f6310,0x75e80000)
 PSPermGen       total 16384K, used 3923K [0x6f5c0000, 0x705c0000, 0x735c0000)
  object space 16384K, 23% used [0x6f5c0000,0x6f994e18,0x705c0000)
}
Event: 10.241 GC heap before
{Heap before GC invocations=5 (full 0):
 PSYoungGen      total 66048K, used 66044K [0x9e040000, 0xa2340000, 0xb35c0000)
  eden space 63488K, 100% used [0x9e040000,0xa1e40000,0xa1e40000)
  from space 2560K, 99% used [0xa20c0000,0xa233f088,0xa2340000)
  to   space 2560K, 0% used [0xa1e40000,0xa1e40000,0xa20c0000)
 ParOldGen       total 41728K, used 13528K [0x735c0000, 0x75e80000, 0x9e040000)
  object space 41728K, 32% used [0x735c0000,0x742f6310,0x75e80000)
 PSPermGen       total 16384K, used 3947K [0x6f5c0000, 0x705c0000, 0x735c0000)
  object space 16384K, 24% used [0x6f5c0000,0x6f99aee8,0x705c0000)

Deoptimization events (10 events):
Event: 3.154 Thread 0x6b91fc00 Uncommon trap: reason=class_check action=maybe_recompile pc=0xb372595c method=com.android.dx.rop.type.Type.equals(Ljava/lang/Object;)Z @ 8
Event: 3.155 Thread 0x6b91fc00 Uncommon trap: reason=class_check action=maybe_recompile pc=0xb372595c method=com.android.dx.rop.type.Type.equals(Ljava/lang/Object;)Z @ 8
Event: 3.155 Thread 0x6b91fc00 Uncommon trap: reason=class_check action=maybe_recompile pc=0xb372595c method=com.android.dx.rop.type.Type.equals(Ljava/lang/Object;)Z @ 8
Event: 3.429 Thread 0x6b92fc00 Uncommon trap: reason=class_check action=maybe_recompile pc=0xb372595c method=com.android.dx.rop.type.Type.equals(Ljava/lang/Object;)Z @ 8
Event: 5.561 Thread 0x6b92fc00 Uncommon trap: reason=null_check action=make_not_entrant pc=0xb37164ec method=com.android.dx.ssa.SsaRenamer.getLocalForNewReg(I)Lcom/android/dx/rop/code/LocalItem; @ 19
Event: 6.167 Thread 0x6b92fc00 Uncommon trap: reason=unstable_if action=reinterpret pc=0xb3711950 method=com.android.dx.cf.code.Ropper.labelToResultIndex(I)I @ 34
Event: 6.510 Thread 0x6b924c00 Uncommon trap: reason=unstable_if action=reinterpret pc=0xb3757f04 method=com.android.dx.util.IntList.binarysearch(I)I @ 105
Event: 6.839 Thread 0x6b92fc00 Uncommon trap: reason=unstable_if action=reinterpret pc=0xb3736c58 method=java.util.HashMap.put(Ljava/lang/Object;Ljava/lang/Object;)Ljava/lang/Object; @ 86
Event: 10.091 Thread 0x6b924c00 Uncommon trap: reason=unstable_if action=reinterpret pc=0xb37786e0 method=com.android.dx.rop.code.LocalVariableInfo.mergeStarts(ILcom/android/dx/rop/code/RegisterSpecSet;)Z @ 31
Event: 10.227 Thread 0x6b91fc00 Uncommon trap: reason=unstable_if action=reinterpret pc=0xb37517fc method=com.android.dx.ssa.LocalVariableExtractor.processBlock(I)V @ 251

Internal exceptions (10 events):
Event: 2.087 Thread 0xb6707800 Threw 0x9ed435a8 at /HUDSON/workspace/7u-2-build-linux-i586/jdk7u80/2329/hotspot/src/share/vm/prims/jvm.cpp:1319
Event: 2.708 Thread 0xb6707800 Threw 0x9e59f1f0 at /HUDSON/workspace/7u-2-build-linux-i586/jdk7u80/2329/hotspot/src/share/vm/prims/jvm.cpp:1319
Event: 2.708 Thread 0xb6707800 Threw 0x9e5a1600 at /HUDSON/workspace/7u-2-build-linux-i586/jdk7u80/2329/hotspot/src/share/vm/prims/jvm.cpp:1319
Event: 4.566 Thread 0x6b91fc00 Threw 0x9ec7b1b8 at /HUDSON/workspace/7u-2-build-linux-i586/jdk7u80/2329/hotspot/src/share/vm/prims/jvm.cpp:1319
Event: 4.567 Thread 0x6b91fc00 Threw 0x9ec80800 at /HUDSON/workspace/7u-2-build-linux-i586/jdk7u80/2329/hotspot/src/share/vm/prims/jvm.cpp:1319
Event: 4.568 Thread 0x6b91fc00 Threw 0x9ec85b98 at /HUDSON/workspace/7u-2-build-linux-i586/jdk7u80/2329/hotspot/src/share/vm/prims/jvm.cpp:1319
Event: 5.561 Thread 0x6b92fc00 Implicit null exception at 0xb3715bc4 to 0xb37164dd
Event: 5.768 Thread 0xb6707800 Threw 0x9f6b3248 at /HUDSON/workspace/7u-2-build-linux-i586/jdk7u80/2329/hotspot/src/share/vm/prims/jvm.cpp:1319
Event: 5.793 Thread 0xb6707800 Threw 0x9f6b5488 at /HUDSON/workspace/7u-2-build-linux-i586/jdk7u80/2329/hotspot/src/share/vm/prims/jvm.cpp:1319
Event: 6.970 Thread 0xb6707800 Threw 0x9efc3ad8 at /HUDSON/workspace/7u-2-build-linux-i586/jdk7u80/2329/hotspot/src/share/vm/prims/jvm.cpp:1319

Events (10 events):
Event: 8.708 Thread 0x6c199000 flushing nmethod 0xb3706fc8
Event: 8.746 Thread 0x6c199000 flushing nmethod 0xb3708d88
Event: 8.748 Thread 0x6c199000 flushing nmethod 0xb3713e48
Event: 10.091 Thread 0x6b924c00 Uncommon trap: trap_request=0xffffff75 fr.pc=0xb37786e0
Event: 10.091 Thread 0x6b924c00 DEOPT PACKING pc=0xb37786e0 sp=0x6b8ad8f0
Event: 10.091 Thread 0x6b924c00 DEOPT UNPACKING pc=0xb36d7bc8 sp=0x6b8ad8b0 mode 2
Event: 10.227 Thread 0x6b91fc00 Uncommon trap: trap_request=0xffffff75 fr.pc=0xb37517fc
Event: 10.227 Thread 0x6b91fc00 DEOPT PACKING pc=0xb37517fc sp=0x6ba7b930
Event: 10.227 Thread 0x6b91fc00 DEOPT UNPACKING pc=0xb36d7bc8 sp=0x6ba7b928 mode 2
Event: 10.241 Executing VM operation: ParallelGCFailedAllocation


Dynamic libraries:
08048000-08049000 r-xp 00000000 08:06 1062523    /usr/lib/jvm/java-7-oracle/bin/java
08049000-0804a000 rw-p 00000000 08:06 1062523    /usr/lib/jvm/java-7-oracle/bin/java
08db3000-08e6d000 rw-p 00000000 00:00 0          [heap]
69500000-695fc000 rw-p 00000000 00:00 0 
695fc000-69600000 ---p 00000000 00:00 0 
69600000-696de000 rw-p 00000000 00:00 0 
696de000-69700000 ---p 00000000 00:00 0 
69700000-697eb000 rw-p 00000000 00:00 0 
697eb000-69800000 ---p 00000000 00:00 0 
69900000-699fb000 rw-p 00000000 00:00 0 
699fb000-69a00000 ---p 00000000 00:00 0 
69a00000-69af3000 rw-p 00000000 00:00 0 
69af3000-69b00000 ---p 00000000 00:00 0 
69b00000-69bf0000 rw-p 00000000 00:00 0 
69bf0000-69c00000 ---p 00000000 00:00 0 
69d00000-69df4000 rw-p 00000000 00:00 0 
69df4000-69e00000 ---p 00000000 00:00 0 
69e00000-69eee000 rw-p 00000000 00:00 0 
69eee000-69f00000 ---p 00000000 00:00 0 
69f00000-6a000000 rw-p 00000000 00:00 0 
6a000000-6a0fe000 rw-p 00000000 00:00 0 
6a0fe000-6a100000 ---p 00000000 00:00 0 
6a100000-6a1f9000 rw-p 00000000 00:00 0 
6a1f9000-6a200000 ---p 00000000 00:00 0 
6a200000-6a2f9000 rw-p 00000000 00:00 0 
6a2f9000-6a300000 ---p 00000000 00:00 0 
6a300000-6a3fa000 rw-p 00000000 00:00 0 
6a3fa000-6a400000 ---p 00000000 00:00 0 
6a400000-6a4f3000 rw-p 00000000 00:00 0 
6a4f3000-6a500000 ---p 00000000 00:00 0 
6a500000-6a600000 rw-p 00000000 00:00 0 
6a600000-6a700000 rw-p 00000000 00:00 0 
6a800000-6a8ff000 rw-p 00000000 00:00 0 
6a8ff000-6a900000 ---p 00000000 00:00 0 
6aa00000-6aaf4000 rw-p 00000000 00:00 0 
6aaf4000-6ab00000 ---p 00000000 00:00 0 
6ac00000-6ad00000 rw-p 00000000 00:00 0 
6ae00000-6aefd000 rw-p 00000000 00:00 0 
6aefd000-6af00000 ---p 00000000 00:00 0 
6b000000-6b0c2000 rw-p 00000000 00:00 0 
6b0c2000-6b100000 ---p 00000000 00:00 0 
6b200000-6b2fd000 rw-p 00000000 00:00 0 
6b2fd000-6b300000 ---p 00000000 00:00 0 
6b400000-6b4fe000 rw-p 00000000 00:00 0 
6b4fe000-6b500000 ---p 00000000 00:00 0 
6b500000-6b5ff000 rw-p 00000000 00:00 0 
6b5ff000-6b600000 ---p 00000000 00:00 0 
6b600000-6b6f9000 rw-p 00000000 00:00 0 
6b6f9000-6b700000 ---p 00000000 00:00 0 
6b719000-6b7bc000 rw-p 00000000 00:00 0 
6b7bc000-6b7bf000 ---p 00000000 00:00 0 
6b7bf000-6b80d000 rw-p 00000000 00:00 0          [stack:11399]
6b80d000-6b810000 ---p 00000000 00:00 0 
6b810000-6b85e000 rw-p 00000000 00:00 0          [stack:11398]
6b85e000-6b861000 ---p 00000000 00:00 0 
6b861000-6b8af000 rw-p 00000000 00:00 0          [stack:11397]
6b8af000-6b8b2000 ---p 00000000 00:00 0 
6b8b2000-6b900000 rw-p 00000000 00:00 0          [stack:11396]
6b900000-6b955000 rw-p 00000000 00:00 0 
6b955000-6ba00000 ---p 00000000 00:00 0 
6ba2c000-6ba2f000 ---p 00000000 00:00 0 
6ba2f000-6ba7d000 rw-p 00000000 00:00 0          [stack:11395]
6ba7d000-6ba7e000 ---p 00000000 00:00 0 
6ba7e000-6bafe000 rw-p 00000000 00:00 0          [stack:11393]
6bafe000-6bb01000 ---p 00000000 00:00 0 
6bb01000-6bb7f000 rw-p 00000000 00:00 0          [stack:11391]
6bb7f000-6bb82000 ---p 00000000 00:00 0 
6bb82000-6bc00000 rw-p 00000000 00:00 0          [stack:11390]
6bc00000-6be00000 r--p 00000000 08:06 1055544    /usr/lib/locale/locale-archive
6be00000-6be21000 rw-p 00000000 00:00 0 
6be21000-6bf00000 ---p 00000000 00:00 0 
6bf0d000-6bf10000 ---p 00000000 00:00 0 
6bf10000-6bf5e000 rw-p 00000000 00:00 0          [stack:11392]
6bf5e000-6bf61000 ---p 00000000 00:00 0 
6bf61000-6bfaf000 rw-p 00000000 00:00 0          [stack:11389]
6bfaf000-6bfb2000 ---p 00000000 00:00 0 
6bfb2000-6c000000 rw-p 00000000 00:00 0          [stack:11388]
6c000000-6c0f6000 rw-p 00000000 00:00 0 
6c0f6000-6c100000 ---p 00000000 00:00 0 
6c100000-6c200000 rw-p 00000000 00:00 0 
6c22e000-6c231000 ---p 00000000 00:00 0 
6c231000-6c27f000 rw-p 00000000 00:00 0          [stack:11387]
6c27f000-6c280000 ---p 00000000 00:00 0 
6c280000-6c300000 rw-p 00000000 00:00 0          [stack:11386]
6c300000-6c4c0000 r--s 039fb000 08:06 1063215    /usr/lib/jvm/java-7-oracle/jre/lib/rt.jar
6c4c0000-6eb00000 rw-p 00000000 00:00 0 
6eb00000-6ebfc000 rw-p 00000000 00:00 0 
6ebfc000-6ec00000 ---p 00000000 00:00 0 
6ec34000-6ec7f000 rw-p 00000000 00:00 0 
6ec7f000-6ec80000 ---p 00000000 00:00 0 
6ec80000-6ed00000 rw-p 00000000 00:00 0          [stack:11385]
6ed00000-6ed21000 rw-p 00000000 00:00 0 
6ed21000-6ee00000 ---p 00000000 00:00 0 
6ee00000-6ee21000 rw-p 00000000 00:00 0 
6ee21000-6ef00000 ---p 00000000 00:00 0 
6ef24000-6ef7f000 rw-p 00000000 00:00 0 
6ef7f000-6ef80000 ---p 00000000 00:00 0 
6ef80000-6f000000 rw-p 00000000 00:00 0          [stack:11384]
6f000000-6f030000 rw-p 00000000 00:00 0 
6f030000-6f100000 ---p 00000000 00:00 0 
6f108000-6f11d000 r-xp 00000000 08:06 1063179    /usr/lib/jvm/java-7-oracle/jre/lib/i386/libnet.so
6f11d000-6f11e000 rw-p 00015000 08:06 1063179    /usr/lib/jvm/java-7-oracle/jre/lib/i386/libnet.so
6f11e000-6f12c000 r-xp 00000000 08:06 1063183    /usr/lib/jvm/java-7-oracle/jre/lib/i386/libnio.so
6f12c000-6f12d000 rw-p 0000e000 08:06 1063183    /usr/lib/jvm/java-7-oracle/jre/lib/i386/libnio.so
6f12d000-6f147000 rw-p 00000000 00:00 0 
6f147000-6f148000 ---p 00000000 00:00 0 
6f148000-6f1c8000 rw-p 00000000 00:00 0          [stack:11383]
6f1c8000-6f1c9000 ---p 00000000 00:00 0 
6f1c9000-6f25e000 rw-p 00000000 00:00 0          [stack:11382]
6f25e000-6f39f000 rw-p 00000000 00:00 0 
6f39f000-6f3a7000 rw-p 00000000 00:00 0 
6f3a7000-6f3bf000 rw-p 00000000 00:00 0 
6f3bf000-6f3d4000 rw-p 00000000 00:00 0 
6f3d4000-6f514000 rw-p 00000000 00:00 0 
6f514000-6f536000 rw-p 00000000 00:00 0 
6f536000-6f5bf000 rw-p 00000000 00:00 0 
6f5bf000-705c0000 rw-p 00000000 00:00 0 
705c0000-735c0000 rw-p 00000000 00:00 0 
735c0000-75e80000 rw-p 00000000 00:00 0 
75e80000-9e040000 rw-p 00000000 00:00 0 
9e040000-a2340000 rw-p 00000000 00:00 0 
a7100000-a715f000 rw-p 00000000 00:00 0 
a715f000-a7200000 ---p 00000000 00:00 0 
a72cd000-a7440000 rw-p 00000000 00:00 0 
a7440000-b35c0000 rw-p 00000000 00:00 0 
b35cb000-b35d3000 rw-p 00000000 00:00 0 
b35d3000-b35eb000 rw-p 00000000 00:00 0 
b35eb000-b35f4000 rw-p 00000000 00:00 0 
b35f4000-b36ab000 rw-p 00000000 00:00 0 
b36ab000-b38eb000 rwxp 00000000 00:00 0 
b38eb000-b66ab000 rw-p 00000000 00:00 0 
b66ab000-b66c2000 r-xp 00000000 08:06 1063211    /usr/lib/jvm/java-7-oracle/jre/lib/i386/libzip.so
b66c2000-b66c3000 rw-p 00016000 08:06 1063211    /usr/lib/jvm/java-7-oracle/jre/lib/i386/libzip.so
b66c3000-b66ce000 r-xp 00000000 08:06 659686     /lib/i386-linux-gnu/libnss_files-2.15.so
b66ce000-b66cf000 r--p 0000a000 08:06 659686     /lib/i386-linux-gnu/libnss_files-2.15.so
b66cf000-b66d0000 rw-p 0000b000 08:06 659686     /lib/i386-linux-gnu/libnss_files-2.15.so
b66d0000-b66e6000 r-xp 00000000 08:06 659696     /lib/i386-linux-gnu/libnsl-2.15.so
b66e6000-b66e7000 r--p 00015000 08:06 659696     /lib/i386-linux-gnu/libnsl-2.15.so
b66e7000-b66e8000 rw-p 00016000 08:06 659696     /lib/i386-linux-gnu/libnsl-2.15.so
b66e8000-b66ec000 rw-p 00000000 00:00 0 
b66ec000-b66f0000 r--s 00045000 08:06 5772739    /home/trongkhanhhd/AndroidStudioProjects/MobilePOS/app/build/intermediates/exploded-aar/com.android.support/recyclerview-v7/23.2.1/jars/classes.jar
b66f0000-b66ff000 r--s 000df000 08:06 5643078    /home/trongkhanhhd/Android/Sdk/build-tools/23.0.3/lib/dx.jar
b66ff000-b6700000 r--p 005e0000 08:06 1055544    /usr/lib/locale/locale-archive
b6700000-b67f6000 rw-p 00000000 00:00 0 
b67f6000-b6800000 ---p 00000000 00:00 0 
b6800000-b680a000 r-xp 00000000 08:06 656439     /lib/i386-linux-gnu/libnss_nis-2.15.so
b680a000-b680b000 r--p 00009000 08:06 656439     /lib/i386-linux-gnu/libnss_nis-2.15.so
b680b000-b680c000 rw-p 0000a000 08:06 656439     /lib/i386-linux-gnu/libnss_nis-2.15.so
b680c000-b6813000 r-xp 00000000 08:06 659700     /lib/i386-linux-gnu/libnss_compat-2.15.so
b6813000-b6814000 r--p 00006000 08:06 659700     /lib/i386-linux-gnu/libnss_compat-2.15.so
b6814000-b6815000 rw-p 00007000 08:06 659700     /lib/i386-linux-gnu/libnss_compat-2.15.so
b6815000-b6838000 r-xp 00000000 08:06 1063169    /usr/lib/jvm/java-7-oracle/jre/lib/i386/libjava.so
b6838000-b6839000 rw-p 00023000 08:06 1063169    /usr/lib/jvm/java-7-oracle/jre/lib/i386/libjava.so
b6839000-b6840000 r-xp 00000000 08:06 659688     /lib/i386-linux-gnu/librt-2.15.so
b6840000-b6841000 r--p 00006000 08:06 659688     /lib/i386-linux-gnu/librt-2.15.so
b6841000-b6842000 rw-p 00007000 08:06 659688     /lib/i386-linux-gnu/librt-2.15.so
b6842000-b6845000 ---p 00000000 00:00 0 
b6845000-b6893000 rw-p 00000000 00:00 0          [stack:11381]
b6893000-b68bd000 r-xp 00000000 08:06 659697     /lib/i386-linux-gnu/libm-2.15.so
b68bd000-b68be000 r--p 00029000 08:06 659697     /lib/i386-linux-gnu/libm-2.15.so
b68be000-b68bf000 rw-p 0002a000 08:06 659697     /lib/i386-linux-gnu/libm-2.15.so
b68bf000-b7146000 r-xp 00000000 08:06 1063173    /usr/lib/jvm/java-7-oracle/jre/lib/i386/server/libjvm.so
b7146000-b71aa000 rw-p 00886000 08:06 1063173    /usr/lib/jvm/java-7-oracle/jre/lib/i386/server/libjvm.so
b71aa000-b75ce000 rw-p 00000000 00:00 0 
b75ce000-b7771000 r-xp 00000000 08:06 659701     /lib/i386-linux-gnu/libc-2.15.so
b7771000-b7773000 r--p 001a3000 08:06 659701     /lib/i386-linux-gnu/libc-2.15.so
b7773000-b7774000 rw-p 001a5000 08:06 659701     /lib/i386-linux-gnu/libc-2.15.so
b7774000-b7777000 rw-p 00000000 00:00 0 
b7777000-b777a000 r-xp 00000000 08:06 659699     /lib/i386-linux-gnu/libdl-2.15.so
b777a000-b777b000 r--p 00002000 08:06 659699     /lib/i386-linux-gnu/libdl-2.15.so
b777b000-b777c000 rw-p 00003000 08:06 659699     /lib/i386-linux-gnu/libdl-2.15.so
b777c000-b777d000 rw-p 00000000 00:00 0 
b777d000-b7791000 r-xp 00000000 08:06 1058573    /usr/lib/jvm/java-7-oracle/lib/i386/jli/libjli.so
b7791000-b7792000 rw-p 00013000 08:06 1058573    /usr/lib/jvm/java-7-oracle/lib/i386/jli/libjli.so
b7792000-b77a9000 r-xp 00000000 08:06 659684     /lib/i386-linux-gnu/libpthread-2.15.so
b77a9000-b77aa000 r--p 00016000 08:06 659684     /lib/i386-linux-gnu/libpthread-2.15.so
b77aa000-b77ab000 rw-p 00017000 08:06 659684     /lib/i386-linux-gnu/libpthread-2.15.so
b77ab000-b77ad000 rw-p 00000000 00:00 0 
b77ad000-b77b5000 rw-s 00000000 08:06 6298771    /tmp/hsperfdata_trongkhanhhd/11377
b77b5000-b77b6000 rw-p 00000000 00:00 0 
b77b6000-b77b7000 ---p 00000000 00:00 0 
b77b7000-b77c2000 r-xp 00000000 08:06 1063195    /usr/lib/jvm/java-7-oracle/jre/lib/i386/libverify.so
b77c2000-b77c3000 rw-p 0000b000 08:06 1063195    /usr/lib/jvm/java-7-oracle/jre/lib/i386/libverify.so
b77c3000-b77c5000 rw-p 00000000 00:00 0 
b77c5000-b77c6000 r-xp 00000000 00:00 0          [vdso]
b77c6000-b77e6000 r-xp 00000000 08:06 659689     /lib/i386-linux-gnu/ld-2.15.so
b77e6000-b77e7000 r--p 0001f000 08:06 659689     /lib/i386-linux-gnu/ld-2.15.so
b77e7000-b77e8000 rw-p 00020000 08:06 659689     /lib/i386-linux-gnu/ld-2.15.so
bf8c3000-bf8c4000 rwxp 00000000 00:00 0 
bf8f6000-bf917000 rw-p 00000000 00:00 0          [stack]

VM Arguments:
jvm_args: -Djava.awt.headless=true -Xmx1024M -Dfile.encoding=UTF-8 -Duser.country=US -Duser.language=en -Duser.variant 
java_command: com.android.dx.command.Main --dex --num-threads=4 --output /home/trongkhanhhd/AndroidStudioProjects/MobilePOS/app/build/intermediates/pre-dexed/debug/com.android.support-recyclerview-v7-23.2.1_84b6486f8f04df8c609ab4836908b87a9c18579c.jar /home/trongkhanhhd/AndroidStudioProjects/MobilePOS/app/build/intermediates/exploded-aar/com.android.support/recyclerview-v7/23.2.1/jars/classes.jar
Launcher Type: SUN_STANDARD

Environment Variables:
PATH=/usr/lib/lightdm/lightdm:/usr/local/sbin:/usr/local/bin:/usr/sbin:/usr/bin:/sbin:/bin:/usr/games
LD_LIBRARY_PATH=/home/trongkhanhhd/Desktop/AndroidStudio/android-studio/bin:
SHELL=/bin/bash
DISPLAY=:0.0

Signal Handlers:
SIGSEGV: [libjvm.so+0x7eb160], sa_mask[0]=0x7ffbfeff, sa_flags=0x10000004
SIGBUS: [libjvm.so+0x7eb160], sa_mask[0]=0x7ffbfeff, sa_flags=0x10000004
SIGFPE: [libjvm.so+0x684ac0], sa_mask[0]=0x7ffbfeff, sa_flags=0x10000004
SIGPIPE: [libjvm.so+0x684ac0], sa_mask[0]=0x7ffbfeff, sa_flags=0x10000004
SIGXFSZ: [libjvm.so+0x684ac0], sa_mask[0]=0x7ffbfeff, sa_flags=0x10000004
SIGILL: [libjvm.so+0x684ac0], sa_mask[0]=0x7ffbfeff, sa_flags=0x10000004
SIGUSR1: SIG_DFL, sa_mask[0]=0x00000000, sa_flags=0x00000000
SIGUSR2: [libjvm.so+0x686330], sa_mask[0]=0x00000004, sa_flags=0x10000004
SIGHUP: [libjvm.so+0x687660], sa_mask[0]=0x7ffbfeff, sa_flags=0x10000004
SIGINT: [libjvm.so+0x687660], sa_mask[0]=0x7ffbfeff, sa_flags=0x10000004
SIGTERM: [libjvm.so+0x687660], sa_mask[0]=0x7ffbfeff, sa_flags=0x10000004
SIGQUIT: [libjvm.so+0x687660], sa_mask[0]=0x7ffbfeff, sa_flags=0x10000004


---------------  S Y S T E M  ---------------

OS:wheezy/sid

uname:Linux 3.13.0-32-generic #57~precise1-Ubuntu SMP Tue Jul 15 03:50:54 UTC 2014 i686
libc:glibc 2.15 NPTL 2.15 
rlimit: STACK 8192k, CORE 0k, NPROC 31084, NOFILE 4096, AS infinity
load average:10.47 4.61 3.36

/proc/meminfo:
MemTotal:        3997764 kB
MemFree:          227084 kB
Buffers:             264 kB
Cached:           399100 kB
SwapCached:            0 kB
Active:          3261312 kB
Inactive:         392012 kB
Active(anon):    3259428 kB
Inactive(anon):   367452 kB
Active(file):       1884 kB
Inactive(file):    24560 kB
Unevictable:         152 kB
Mlocked:             152 kB
HighTotal:       3145204 kB
HighFree:          54692 kB
LowTotal:         852560 kB
LowFree:          172392 kB
SwapTotal:             0 kB
SwapFree:              0 kB
Dirty:                32 kB
Writeback:             0 kB
AnonPages:       3254572 kB
Mapped:           174600 kB
Shmem:            372460 kB
Slab:              47260 kB
SReclaimable:      21540 kB
SUnreclaim:        25720 kB
KernelStack:        6088 kB
PageTables:        21340 kB
NFS_Unstable:          0 kB
Bounce:              392 kB
WritebackTmp:          0 kB
CommitLimit:     1998880 kB
Committed_AS:    9558064 kB
VmallocTotal:     122880 kB
VmallocUsed:       17404 kB
VmallocChunk:      98240 kB
HardwareCorrupted:     0 kB
AnonHugePages:   1032192 kB
HugePages_Total:       0
HugePages_Free:        0
HugePages_Rsvd:        0
HugePages_Surp:        0
Hugepagesize:       2048 kB
DirectMap4k:       18424 kB
DirectMap2M:      892928 kB


CPU:total 4 (2 cores per cpu, 2 threads per core) family 6 model 58 stepping 9, cmov, cx8, fxsr, mmx, sse, sse2, sse3, ssse3, sse4.1, sse4.2, popcnt, avx, aes, erms, ht, tsc, tscinvbit, tscinv

/proc/cpuinfo:
processor	: 0
vendor_id	: GenuineIntel
cpu family	: 6
model		: 58
model name	: Intel(R) Core(TM) i5-3230M CPU @ 2.60GHz
stepping	: 9
microcode	: 0x15
cpu MHz		: 2601.000
cache size	: 3072 KB
physical id	: 0
siblings	: 4
core id		: 0
cpu cores	: 2
apicid		: 0
initial apicid	: 0
fdiv_bug	: no
f00f_bug	: no
coma_bug	: no
fpu		: yes
fpu_exception	: yes
cpuid level	: 13
wp		: yes
flags		: fpu vme de pse tsc msr pae mce cx8 apic sep mtrr pge mca cmov pat pse36 clflush dts acpi mmx fxsr sse sse2 ss ht tm pbe nx rdtscp lm constant_tsc arch_perfmon pebs bts xtopology nonstop_tsc aperfmperf eagerfpu pni pclmulqdq dtes64 monitor ds_cpl vmx est tm2 ssse3 cx16 xtpr pdcm pcid sse4_1 sse4_2 x2apic popcnt tsc_deadline_timer aes xsave avx f16c rdrand lahf_lm ida arat epb xsaveopt pln pts dtherm tpr_shadow vnmi flexpriority ept vpid fsgsbase smep erms
bogomips	: 5188.31
clflush size	: 64
cache_alignment	: 64
address sizes	: 36 bits physical, 48 bits virtual
power management:

processor	: 1
vendor_id	: GenuineIntel
cpu family	: 6
model		: 58
model name	: Intel(R) Core(TM) i5-3230M CPU @ 2.60GHz
stepping	: 9
microcode	: 0x15
cpu MHz		: 2601.000
cache size	: 3072 KB
physical id	: 0
siblings	: 4
core id		: 1
cpu cores	: 2
apicid		: 2
initial apicid	: 2
fdiv_bug	: no
f00f_bug	: no
coma_bug	: no
fpu		: yes
fpu_exception	: yes
cpuid level	: 13
wp		: yes
flags		: fpu vme de pse tsc msr pae mce cx8 apic sep mtrr pge mca cmov pat pse36 clflush dts acpi mmx fxsr sse sse2 ss ht tm pbe nx rdtscp lm constant_tsc arch_perfmon pebs bts xtopology nonstop_tsc aperfmperf eagerfpu pni pclmulqdq dtes64 monitor ds_cpl vmx est tm2 ssse3 cx16 xtpr pdcm pcid sse4_1 sse4_2 x2apic popcnt tsc_deadline_timer aes xsave avx f16c rdrand lahf_lm ida arat epb xsaveopt pln pts dtherm tpr_shadow vnmi flexpriority ept vpid fsgsbase smep erms
bogomips	: 5188.31
clflush size	: 64
cache_alignment	: 64
address sizes	: 36 bits physical, 48 bits virtual
power management:

processor	: 2
vendor_id	: GenuineIntel
cpu family	: 6
model		: 58
model name	: Intel(R) Core(TM) i5-3230M CPU @ 2.60GHz
stepping	: 9
microcode	: 0x15
cpu MHz		: 2601.000
cache size	: 3072 KB
physical id	: 0
siblings	: 4
core id		: 0
cpu cores	: 2
apicid		: 1
initial apicid	: 1
fdiv_bug	: no
f00f_bug	: no
coma_bug	: no
fpu		: yes
fpu_exception	: yes
cpuid level	: 13
wp		: yes
flags		: fpu vme de pse tsc msr pae mce cx8 apic sep mtrr pge mca cmov pat pse36 clflush dts acpi mmx fxsr sse sse2 ss ht tm pbe nx rdtscp lm constant_tsc arch_perfmon pebs bts xtopology nonstop_tsc aperfmperf eagerfpu pni pclmulqdq dtes64 monitor ds_cpl vmx est tm2 ssse3 cx16 xtpr pdcm pcid sse4_1 sse4_2 x2apic popcnt tsc_deadline_timer aes xsave avx f16c rdrand lahf_lm ida arat epb xsaveopt pln pts dtherm tpr_shadow vnmi flexpriority ept vpid fsgsbase smep erms
bogomips	: 5188.31
clflush size	: 64
cache_alignment	: 64
address sizes	: 36 bits physical, 48 bits virtual
power management:

processor	: 3
vendor_id	: GenuineIntel
cpu family	: 6
model		: 58
model name	: Intel(R) Core(TM) i5-3230M CPU @ 2.60GHz
stepping	: 9
microcode	: 0x15
cpu MHz		: 2601.000
cache size	: 3072 KB
physical id	: 0
siblings	: 4
core id		: 1
cpu cores	: 2
apicid		: 3
initial apicid	: 3
fdiv_bug	: no
f00f_bug	: no
coma_bug	: no
fpu		: yes
fpu_exception	: yes
cpuid level	: 13
wp		: yes
flags		: fpu vme de pse tsc msr pae mce cx8 apic sep mtrr pge mca cmov pat pse36 clflush dts acpi mmx fxsr sse sse2 ss ht tm pbe nx rdtscp lm constant_tsc arch_perfmon pebs bts xtopology nonstop_tsc aperfmperf eagerfpu pni pclmulqdq dtes64 monitor ds_cpl vmx est tm2 ssse3 cx16 xtpr pdcm pcid sse4_1 sse4_2 x2apic popcnt tsc_deadline_timer aes xsave avx f16c rdrand lahf_lm ida arat epb xsaveopt pln pts dtherm tpr_shadow vnmi flexpriority ept vpid fsgsbase smep erms
bogomips	: 5188.31
clflush size	: 64
cache_alignment	: 64
address sizes	: 36 bits physical, 48 bits virtual
power management:



Memory: 4k page, physical 3997764k(227084k free), swap 0k(0k free)

vm_info: Java HotSpot(TM) Server VM (24.80-b11) for linux-x86 JRE (1.7.0_80-b15), built on Apr 10 2015 12:29:10 by "java_re" with gcc 4.3.0 20080428 (Red Hat 4.3.0-8)

time: Thu Apr  7 23:43:22 2016
elapsed time: 18 seconds

